<?xml version="1.0" encoding="UTF-8"?>
<testsuite xmlns:xsi="http://www.w3.org/2001/XMLSchema-instance" xsi:noNamespaceSchemaLocation="https://maven.apache.org/surefire/maven-surefire-plugin/xsd/surefire-test-report-3.0.xsd" version="3.0" name="CucumberTestRunner" time="57.354" tests="5" errors="4" skipped="0" failures="0">
  <properties>
    <property name="java.specification.version" value="24"/>
    <property name="sun.jnu.encoding" value="UTF-8"/>
    <property name="java.class.path" value="/Users/luisnavarro/Library/CloudStorage/OneDrive-InstitutoSuperiorAutonomodeOccidenteA.C/DOCS_GRID/SELENIUM/SeleniumPageFactory/target/test-classes:/Users/luisnavarro/Library/CloudStorage/OneDrive-InstitutoSuperiorAutonomodeOccidenteA.C/DOCS_GRID/SELENIUM/SeleniumPageFactory/target/classes:/Users/luisnavarro/.m2/repository/io/qameta/allure/allure-cucumber7-jvm/2.29.1/allure-cucumber7-jvm-2.29.1.jar:/Users/luisnavarro/.m2/repository/io/cucumber/gherkin/30.0.4/gherkin-30.0.4.jar:/Users/luisnavarro/.m2/repository/io/cucumber/messages/24.1.0/messages-24.1.0.jar:/Users/luisnavarro/.m2/repository/com/google/code/gson/gson/2.11.0/gson-2.11.0.jar:/Users/luisnavarro/.m2/repository/com/google/errorprone/error_prone_annotations/2.27.0/error_prone_annotations-2.27.0.jar:/Users/luisnavarro/.m2/repository/io/qameta/allure/allure-cucumber-jvm/2.20.1/allure-cucumber-jvm-2.20.1.jar:/Users/luisnavarro/.m2/repository/info/cukes/gherkin/2.12.2/gherkin-2.12.2.jar:/Users/luisnavarro/.m2/repository/com/fasterxml/jackson/core/jackson-core/2.18.2/jackson-core-2.18.2.jar:/Users/luisnavarro/.m2/repository/com/fasterxml/jackson/core/jackson-databind/2.18.2/jackson-databind-2.18.2.jar:/Users/luisnavarro/.m2/repository/com/fasterxml/jackson/core/jackson-annotations/2.18.2/jackson-annotations-2.18.2.jar:/Users/luisnavarro/.m2/repository/io/cucumber/cucumber-junit-platform-engine/7.20.1/cucumber-junit-platform-engine-7.20.1.jar:/Users/luisnavarro/.m2/repository/io/cucumber/cucumber-junit/7.20.1/cucumber-junit-7.20.1.jar:/Users/luisnavarro/.m2/repository/org/apiguardian/apiguardian-api/1.1.2/apiguardian-api-1.1.2.jar:/Users/luisnavarro/.m2/repository/junit/junit/4.13.2/junit-4.13.2.jar:/Users/luisnavarro/.m2/repository/org/hamcrest/hamcrest-core/1.3/hamcrest-core-1.3.jar:/Users/luisnavarro/.m2/repository/org/junit/platform/junit-platform-launcher/1.11.4/junit-platform-launcher-1.11.4.jar:/Users/luisnavarro/.m2/repository/org/junit/platform/junit-platform-runner/1.11.4/junit-platform-runner-1.11.4.jar:/Users/luisnavarro/.m2/repository/org/junit/platform/junit-platform-suite-commons/1.11.4/junit-platform-suite-commons-1.11.4.jar:/Users/luisnavarro/.m2/repository/org/junit/platform/junit-platform-engine/1.11.4/junit-platform-engine-1.11.4.jar:/Users/luisnavarro/.m2/repository/org/opentest4j/opentest4j/1.3.0/opentest4j-1.3.0.jar:/Users/luisnavarro/.m2/repository/org/junit/platform/junit-platform-commons/1.11.4/junit-platform-commons-1.11.4.jar:/Users/luisnavarro/.m2/repository/org/owasp/dependency-check-maven/11.1.1/dependency-check-maven-11.1.1.jar:/Users/luisnavarro/.m2/repository/org/owasp/dependency-check-core/11.1.1/dependency-check-core-11.1.1.jar:/Users/luisnavarro/.m2/repository/io/github/jeremylong/open-vulnerability-clients/7.0.1/open-vulnerability-clients-7.0.1.jar:/Users/luisnavarro/.m2/repository/com/samskivert/jmustache/1.16/jmustache-1.16.jar:/Users/luisnavarro/.m2/repository/org/anarres/jdiagnostics/jdiagnostics/1.0.7/jdiagnostics-1.0.7.jar:/Users/luisnavarro/.m2/repository/org/whitesource/pecoff4j/0.0.2.1/pecoff4j-0.0.2.1.jar:/Users/luisnavarro/.m2/repository/com/github/package-url/packageurl-java/1.5.0/packageurl-java-1.5.0.jar:/Users/luisnavarro/.m2/repository/us/springett/cpe-parser/2.1.0/cpe-parser-2.1.0.jar:/Users/luisnavarro/.m2/repository/org/semver4j/semver4j/5.4.1/semver4j-5.4.1.jar:/Users/luisnavarro/.m2/repository/org/apache/commons/commons-collections4/4.4/commons-collections4-4.4.jar:/Users/luisnavarro/.m2/repository/org/apache/commons/commons-dbcp2/2.12.0/commons-dbcp2-2.12.0.jar:/Users/luisnavarro/.m2/repository/org/apache/commons/commons-pool2/2.12.0/commons-pool2-2.12.0.jar:/Users/luisnavarro/.m2/repository/jakarta/transaction/jakarta.transaction-api/1.3.3/jakarta.transaction-api-1.3.3.jar:/Users/luisnavarro/.m2/repository/org/apache/lucene/lucene-core/9.12.0/lucene-core-9.12.0.jar:/Users/luisnavarro/.m2/repository/org/apache/lucene/lucene-analysis-common/9.12.0/lucene-analysis-common-9.12.0.jar:/Users/luisnavarro/.m2/repository/org/apache/lucene/lucene-queryparser/9.12.0/lucene-queryparser-9.12.0.jar:/Users/luisnavarro/.m2/repository/org/apache/lucene/lucene-queries/9.12.0/lucene-queries-9.12.0.jar:/Users/luisnavarro/.m2/repository/org/apache/lucene/lucene-sandbox/9.12.0/lucene-sandbox-9.12.0.jar:/Users/luisnavarro/.m2/repository/org/apache/lucene/lucene-facet/9.12.0/lucene-facet-9.12.0.jar:/Users/luisnavarro/.m2/repository/org/apache/velocity/velocity-engine-core/2.4.1/velocity-engine-core-2.4.1.jar:/Users/luisnavarro/.m2/repository/com/h2database/h2/2.3.232/h2-2.3.232.jar:/Users/luisnavarro/.m2/repository/org/glassfish/javax.json/1.1.4/javax.json-1.1.4.jar:/Users/luisnavarro/.m2/repository/org/jsoup/jsoup/1.18.3/jsoup-1.18.3.jar:/Users/luisnavarro/.m2/repository/com/fasterxml/jackson/datatype/jackson-datatype-jsr310/2.18.2/jackson-datatype-jsr310-2.18.2.jar:/Users/luisnavarro/.m2/repository/com/fasterxml/jackson/module/jackson-module-afterburner/2.18.2/jackson-module-afterburner-2.18.2.jar:/Users/luisnavarro/.m2/repository/com/fasterxml/jackson/module/jackson-module-blackbird/2.18.2/jackson-module-blackbird-2.18.2.jar:/Users/luisnavarro/.m2/repository/com/fasterxml/jackson/dataformat/jackson-dataformat-yaml/2.18.2/jackson-dataformat-yaml-2.18.2.jar:/Users/luisnavarro/.m2/repository/org/yaml/snakeyaml/2.3/snakeyaml-2.3.jar:/Users/luisnavarro/.m2/repository/com/h3xstream/retirejs/retirejs-core/3.0.4/retirejs-core-3.0.4.jar:/Users/luisnavarro/.m2/repository/com/vaadin/external/google/android-json/0.0.20131108.vaadin1/android-json-0.0.20131108.vaadin1.jar:/Users/luisnavarro/.m2/repository/com/esotericsoftware/minlog/1.3.1/minlog-1.3.1.jar:/Users/luisnavarro/.m2/repository/com/github/spullara/mustache/java/compiler/0.9.6/compiler-0.9.6.jar:/Users/luisnavarro/.m2/repository/org/sonatype/ossindex/ossindex-service-client/1.8.2/ossindex-service-client-1.8.2.jar:/Users/luisnavarro/.m2/repository/org/sonatype/ossindex/ossindex-service-api/1.8.2/ossindex-service-api-1.8.2.jar:/Users/luisnavarro/.m2/repository/javax/ws/rs/javax.ws.rs-api/2.0.1/javax.ws.rs-api-2.0.1.jar:/Users/luisnavarro/.m2/repository/org/sonatype/goodies/package-url-java/1.1.1/package-url-java-1.1.1.jar:/Users/luisnavarro/.m2/repository/joda-time/joda-time/2.10.4/joda-time-2.10.4.jar:/Users/luisnavarro/.m2/repository/com/moandjiezana/toml/toml4j/0.7.2/toml4j-0.7.2.jar:/Users/luisnavarro/.m2/repository/com/hankcs/aho-corasick-double-array-trie/1.2.3/aho-corasick-double-array-trie-1.2.3.jar:/Users/luisnavarro/.m2/repository/commons-validator/commons-validator/1.9.0/commons-validator-1.9.0.jar:/Users/luisnavarro/.m2/repository/commons-digester/commons-digester/2.1/commons-digester-2.1.jar:/Users/luisnavarro/.m2/repository/org/eclipse/packager/packager-rpm/0.21.0/packager-rpm-0.21.0.jar:/Users/luisnavarro/.m2/repository/org/eclipse/packager/packager-core/0.21.0/packager-core-0.21.0.jar:/Users/luisnavarro/.m2/repository/org/bouncycastle/bcprov-jdk18on/1.78/bcprov-jdk18on-1.78.jar:/Users/luisnavarro/.m2/repository/org/bouncycastle/bcpg-jdk18on/1.78/bcpg-jdk18on-1.78.jar:/Users/luisnavarro/.m2/repository/org/tukaani/xz/1.9/xz-1.9.jar:/Users/luisnavarro/.m2/repository/org/owasp/dependency-check-utils/11.1.1/dependency-check-utils-11.1.1.jar:/Users/luisnavarro/.m2/repository/org/apache/commons/commons-jcs3-core/3.2.1/commons-jcs3-core-3.2.1.jar:/Users/luisnavarro/.m2/repository/io/github/jeremylong/jcs3-slf4j/1.0.5/jcs3-slf4j-1.0.5.jar:/Users/luisnavarro/.m2/repository/org/apache/maven/shared/file-management/3.1.0/file-management-3.1.0.jar:/Users/luisnavarro/.m2/repository/org/codehaus/plexus/plexus-utils/4.0.2/plexus-utils-4.0.2.jar:/Users/luisnavarro/.m2/repository/org/codehaus/plexus/plexus-xml/3.0.1/plexus-xml-3.0.1.jar:/Users/luisnavarro/.m2/repository/org/apache/maven/reporting/maven-reporting-api/4.0.0/maven-reporting-api-4.0.0.jar:/Users/luisnavarro/.m2/repository/org/apache/maven/doxia/doxia-sink-api/2.0.0/doxia-sink-api-2.0.0.jar:/Users/luisnavarro/.m2/repository/org/sonatype/plexus/plexus-sec-dispatcher/1.4/plexus-sec-dispatcher-1.4.jar:/Users/luisnavarro/.m2/repository/org/sonatype/plexus/plexus-cipher/1.4/plexus-cipher-1.4.jar:/Users/luisnavarro/.m2/repository/org/apache/maven/shared/maven-dependency-tree/3.3.0/maven-dependency-tree-3.3.0.jar:/Users/luisnavarro/.m2/repository/org/apache/maven/resolver/maven-resolver-util/1.4.1/maven-resolver-util-1.4.1.jar:/Users/luisnavarro/.m2/repository/org/apache/maven/shared/maven-artifact-transfer/0.13.1/maven-artifact-transfer-0.13.1.jar:/Users/luisnavarro/.m2/repository/org/apache/maven/maven-artifact/3.0/maven-artifact-3.0.jar:/Users/luisnavarro/.m2/repository/org/codehaus/plexus/plexus-component-annotations/2.0.0/plexus-component-annotations-2.0.0.jar:/Users/luisnavarro/.m2/repository/org/apache/maven/shared/maven-common-artifact-filters/3.1.0/maven-common-artifact-filters-3.1.0.jar:/Users/luisnavarro/.m2/repository/org/sonatype/sisu/sisu-inject-plexus/1.4.2/sisu-inject-plexus-1.4.2.jar:/Users/luisnavarro/.m2/repository/org/sonatype/sisu/sisu-inject-bean/1.4.2/sisu-inject-bean-1.4.2.jar:/Users/luisnavarro/.m2/repository/org/sonatype/sisu/sisu-guice/2.1.7/sisu-guice-2.1.7-noaop.jar:/Users/luisnavarro/.m2/repository/com/puppycrawl/tools/checkstyle/10.20.2/checkstyle-10.20.2.jar:/Users/luisnavarro/.m2/repository/info/picocli/picocli/4.7.6/picocli-4.7.6.jar:/Users/luisnavarro/.m2/repository/org/antlr/antlr4-runtime/4.13.2/antlr4-runtime-4.13.2.jar:/Users/luisnavarro/.m2/repository/commons-beanutils/commons-beanutils/1.9.4/commons-beanutils-1.9.4.jar:/Users/luisnavarro/.m2/repository/commons-logging/commons-logging/1.2/commons-logging-1.2.jar:/Users/luisnavarro/.m2/repository/commons-collections/commons-collections/3.2.2/commons-collections-3.2.2.jar:/Users/luisnavarro/.m2/repository/org/reflections/reflections/0.10.2/reflections-0.10.2.jar:/Users/luisnavarro/.m2/repository/org/javassist/javassist/3.28.0-GA/javassist-3.28.0-GA.jar:/Users/luisnavarro/.m2/repository/net/sf/saxon/Saxon-HE/12.5/Saxon-HE-12.5.jar:/Users/luisnavarro/.m2/repository/org/xmlresolver/xmlresolver/5.2.2/xmlresolver-5.2.2.jar:/Users/luisnavarro/.m2/repository/org/xmlresolver/xmlresolver/5.2.2/xmlresolver-5.2.2-data.jar:/Users/luisnavarro/.m2/repository/org/checkerframework/checker-qual/3.48.2/checker-qual-3.48.2.jar:/Users/luisnavarro/.m2/repository/org/apache/maven/doxia/doxia-core/1.12.0/doxia-core-1.12.0.jar:/Users/luisnavarro/.m2/repository/org/apache/maven/doxia/doxia-logging-api/1.12.0/doxia-logging-api-1.12.0.jar:/Users/luisnavarro/.m2/repository/org/codehaus/plexus/plexus-container-default/2.1.0/plexus-container-default-2.1.0.jar:/Users/luisnavarro/.m2/repository/org/apache/xbean/xbean-reflect/3.7/xbean-reflect-3.7.jar:/Users/luisnavarro/.m2/repository/org/apache/httpcomponents/httpclient/4.5.13/httpclient-4.5.13.jar:/Users/luisnavarro/.m2/repository/org/apache/httpcomponents/httpcore/4.4.14/httpcore-4.4.14.jar:/Users/luisnavarro/.m2/repository/org/apache/maven/doxia/doxia-module-xdoc/1.12.0/doxia-module-xdoc-1.12.0.jar:/Users/luisnavarro/.m2/repository/com/google/guava/guava/33.3.1-jre/guava-33.3.1-jre.jar:/Users/luisnavarro/.m2/repository/com/google/guava/failureaccess/1.0.2/failureaccess-1.0.2.jar:/Users/luisnavarro/.m2/repository/com/google/guava/listenablefuture/9999.0-empty-to-avoid-conflict-with-guava/listenablefuture-9999.0-empty-to-avoid-conflict-with-guava.jar:/Users/luisnavarro/.m2/repository/com/google/code/findbugs/jsr305/3.0.2/jsr305-3.0.2.jar:/Users/luisnavarro/.m2/repository/com/google/j2objc/j2objc-annotations/3.0.0/j2objc-annotations-3.0.0.jar:/Users/luisnavarro/.m2/repository/log4j/log4j/1.2.17/log4j-1.2.17.jar:/Users/luisnavarro/.m2/repository/org/seleniumhq/selenium/selenium-java/4.27.0/selenium-java-4.27.0.jar:/Users/luisnavarro/.m2/repository/org/seleniumhq/selenium/selenium-api/4.27.0/selenium-api-4.27.0.jar:/Users/luisnavarro/.m2/repository/org/jspecify/jspecify/1.0.0/jspecify-1.0.0.jar:/Users/luisnavarro/.m2/repository/org/seleniumhq/selenium/selenium-chrome-driver/4.27.0/selenium-chrome-driver-4.27.0.jar:/Users/luisnavarro/.m2/repository/com/google/auto/service/auto-service-annotations/1.1.1/auto-service-annotations-1.1.1.jar:/Users/luisnavarro/.m2/repository/org/seleniumhq/selenium/selenium-chromium-driver/4.27.0/selenium-chromium-driver-4.27.0.jar:/Users/luisnavarro/.m2/repository/org/seleniumhq/selenium/selenium-json/4.27.0/selenium-json-4.27.0.jar:/Users/luisnavarro/.m2/repository/org/seleniumhq/selenium/selenium-manager/4.27.0/selenium-manager-4.27.0.jar:/Users/luisnavarro/.m2/repository/org/seleniumhq/selenium/selenium-devtools-v129/4.27.0/selenium-devtools-v129-4.27.0.jar:/Users/luisnavarro/.m2/repository/org/seleniumhq/selenium/selenium-devtools-v130/4.27.0/selenium-devtools-v130-4.27.0.jar:/Users/luisnavarro/.m2/repository/org/seleniumhq/selenium/selenium-devtools-v131/4.27.0/selenium-devtools-v131-4.27.0.jar:/Users/luisnavarro/.m2/repository/org/seleniumhq/selenium/selenium-devtools-v85/4.27.0/selenium-devtools-v85-4.27.0.jar:/Users/luisnavarro/.m2/repository/org/seleniumhq/selenium/selenium-edge-driver/4.27.0/selenium-edge-driver-4.27.0.jar:/Users/luisnavarro/.m2/repository/org/seleniumhq/selenium/selenium-firefox-driver/4.27.0/selenium-firefox-driver-4.27.0.jar:/Users/luisnavarro/.m2/repository/org/seleniumhq/selenium/selenium-http/4.27.0/selenium-http-4.27.0.jar:/Users/luisnavarro/.m2/repository/dev/failsafe/failsafe/3.3.2/failsafe-3.3.2.jar:/Users/luisnavarro/.m2/repository/org/seleniumhq/selenium/selenium-ie-driver/4.27.0/selenium-ie-driver-4.27.0.jar:/Users/luisnavarro/.m2/repository/org/seleniumhq/selenium/selenium-remote-driver/4.27.0/selenium-remote-driver-4.27.0.jar:/Users/luisnavarro/.m2/repository/io/opentelemetry/semconv/opentelemetry-semconv/1.25.0-alpha/opentelemetry-semconv-1.25.0-alpha.jar:/Users/luisnavarro/.m2/repository/io/opentelemetry/opentelemetry-api/1.44.1/opentelemetry-api-1.44.1.jar:/Users/luisnavarro/.m2/repository/io/opentelemetry/opentelemetry-context/1.44.1/opentelemetry-context-1.44.1.jar:/Users/luisnavarro/.m2/repository/io/opentelemetry/opentelemetry-exporter-logging/1.44.1/opentelemetry-exporter-logging-1.44.1.jar:/Users/luisnavarro/.m2/repository/io/opentelemetry/opentelemetry-sdk-common/1.44.1/opentelemetry-sdk-common-1.44.1.jar:/Users/luisnavarro/.m2/repository/io/opentelemetry/opentelemetry-sdk-extension-autoconfigure-spi/1.44.1/opentelemetry-sdk-extension-autoconfigure-spi-1.44.1.jar:/Users/luisnavarro/.m2/repository/io/opentelemetry/opentelemetry-sdk-extension-autoconfigure/1.44.1/opentelemetry-sdk-extension-autoconfigure-1.44.1.jar:/Users/luisnavarro/.m2/repository/io/opentelemetry/opentelemetry-api-incubator/1.44.1-alpha/opentelemetry-api-incubator-1.44.1-alpha.jar:/Users/luisnavarro/.m2/repository/io/opentelemetry/opentelemetry-sdk-trace/1.44.1/opentelemetry-sdk-trace-1.44.1.jar:/Users/luisnavarro/.m2/repository/io/opentelemetry/opentelemetry-sdk/1.44.1/opentelemetry-sdk-1.44.1.jar:/Users/luisnavarro/.m2/repository/io/opentelemetry/opentelemetry-sdk-metrics/1.44.1/opentelemetry-sdk-metrics-1.44.1.jar:/Users/luisnavarro/.m2/repository/io/opentelemetry/opentelemetry-sdk-logs/1.44.1/opentelemetry-sdk-logs-1.44.1.jar:/Users/luisnavarro/.m2/repository/org/seleniumhq/selenium/selenium-os/4.27.0/selenium-os-4.27.0.jar:/Users/luisnavarro/.m2/repository/org/seleniumhq/selenium/selenium-safari-driver/4.27.0/selenium-safari-driver-4.27.0.jar:/Users/luisnavarro/.m2/repository/org/seleniumhq/selenium/selenium-support/4.27.0/selenium-support-4.27.0.jar:/Users/luisnavarro/.m2/repository/org/slf4j/slf4j-simple/2.0.16/slf4j-simple-2.0.16.jar:/Users/luisnavarro/.m2/repository/org/slf4j/slf4j-api/2.0.16/slf4j-api-2.0.16.jar:/Users/luisnavarro/.m2/repository/org/apache/logging/log4j/log4j-core/2.24.2/log4j-core-2.24.2.jar:/Users/luisnavarro/.m2/repository/org/apache/logging/log4j/log4j-api/2.24.2/log4j-api-2.24.2.jar:/Users/luisnavarro/.m2/repository/io/github/bonigarcia/webdrivermanager/5.9.2/webdrivermanager-5.9.2.jar:/Users/luisnavarro/.m2/repository/com/github/docker-java/docker-java/3.4.0/docker-java-3.4.0.jar:/Users/luisnavarro/.m2/repository/com/github/docker-java/docker-java-core/3.4.0/docker-java-core-3.4.0.jar:/Users/luisnavarro/.m2/repository/com/github/docker-java/docker-java-api/3.4.0/docker-java-api-3.4.0.jar:/Users/luisnavarro/.m2/repository/org/slf4j/jcl-over-slf4j/1.7.30/jcl-over-slf4j-1.7.30.jar:/Users/luisnavarro/.m2/repository/com/github/docker-java/docker-java-transport-httpclient5/3.4.0/docker-java-transport-httpclient5-3.4.0.jar:/Users/luisnavarro/.m2/repository/com/github/docker-java/docker-java-transport/3.4.0/docker-java-transport-3.4.0.jar:/Users/luisnavarro/.m2/repository/net/java/dev/jna/jna/5.13.0/jna-5.13.0.jar:/Users/luisnavarro/.m2/repository/org/brotli/dec/0.1.2/dec-0.1.2.jar:/Users/luisnavarro/.m2/repository/org/apache/commons/commons-lang3/3.15.0/commons-lang3-3.15.0.jar:/Users/luisnavarro/.m2/repository/org/apache/commons/commons-compress/1.26.2/commons-compress-1.26.2.jar:/Users/luisnavarro/.m2/repository/commons-codec/commons-codec/1.17.0/commons-codec-1.17.0.jar:/Users/luisnavarro/.m2/repository/org/apache/httpcomponents/client5/httpclient5/5.2.1/httpclient5-5.2.1.jar:/Users/luisnavarro/.m2/repository/org/apache/httpcomponents/core5/httpcore5/5.2/httpcore5-5.2.jar:/Users/luisnavarro/.m2/repository/org/apache/httpcomponents/core5/httpcore5-h2/5.2/httpcore5-h2-5.2.jar:/Users/luisnavarro/.m2/repository/io/qameta/allure/allure-maven/2.15.2/allure-maven-2.15.2.jar:/Users/luisnavarro/.m2/repository/org/apache/maven/maven-core/3.9.9/maven-core-3.9.9.jar:/Users/luisnavarro/.m2/repository/org/apache/maven/maven-model/3.9.9/maven-model-3.9.9.jar:/Users/luisnavarro/.m2/repository/org/apache/maven/maven-settings/3.9.9/maven-settings-3.9.9.jar:/Users/luisnavarro/.m2/repository/org/apache/maven/maven-settings-builder/3.9.9/maven-settings-builder-3.9.9.jar:/Users/luisnavarro/.m2/repository/org/codehaus/plexus/plexus-sec-dispatcher/2.0/plexus-sec-dispatcher-2.0.jar:/Users/luisnavarro/.m2/repository/org/codehaus/plexus/plexus-cipher/2.0/plexus-cipher-2.0.jar:/Users/luisnavarro/.m2/repository/org/apache/maven/maven-builder-support/3.9.9/maven-builder-support-3.9.9.jar:/Users/luisnavarro/.m2/repository/org/apache/maven/maven-repository-metadata/3.9.9/maven-repository-metadata-3.9.9.jar:/Users/luisnavarro/.m2/repository/org/apache/maven/maven-plugin-api/3.9.9/maven-plugin-api-3.9.9.jar:/Users/luisnavarro/.m2/repository/org/apache/maven/maven-model-builder/3.9.9/maven-model-builder-3.9.9.jar:/Users/luisnavarro/.m2/repository/org/apache/maven/maven-resolver-provider/3.9.9/maven-resolver-provider-3.9.9.jar:/Users/luisnavarro/.m2/repository/org/apache/maven/resolver/maven-resolver-impl/1.9.22/maven-resolver-impl-1.9.22.jar:/Users/luisnavarro/.m2/repository/org/apache/maven/resolver/maven-resolver-named-locks/1.9.22/maven-resolver-named-locks-1.9.22.jar:/Users/luisnavarro/.m2/repository/org/apache/maven/resolver/maven-resolver-api/1.9.22/maven-resolver-api-1.9.22.jar:/Users/luisnavarro/.m2/repository/org/apache/maven/resolver/maven-resolver-spi/1.9.22/maven-resolver-spi-1.9.22.jar:/Users/luisnavarro/.m2/repository/org/apache/maven/shared/maven-shared-utils/3.4.2/maven-shared-utils-3.4.2.jar:/Users/luisnavarro/.m2/repository/org/eclipse/sisu/org.eclipse.sisu.plexus/0.9.0.M3/org.eclipse.sisu.plexus-0.9.0.M3.jar:/Users/luisnavarro/.m2/repository/org/eclipse/sisu/org.eclipse.sisu.inject/0.9.0.M3/org.eclipse.sisu.inject-0.9.0.M3.jar:/Users/luisnavarro/.m2/repository/javax/inject/javax.inject/1/javax.inject-1.jar:/Users/luisnavarro/.m2/repository/org/codehaus/plexus/plexus-classworlds/2.8.0/plexus-classworlds-2.8.0.jar:/Users/luisnavarro/.m2/repository/org/codehaus/plexus/plexus-interpolation/1.27/plexus-interpolation-1.27.jar:/Users/luisnavarro/.m2/repository/org/apache/maven/reporting/maven-reporting-impl/4.0.0/maven-reporting-impl-4.0.0.jar:/Users/luisnavarro/.m2/repository/org/apache/maven/doxia/doxia-site-model/2.0.0/doxia-site-model-2.0.0.jar:/Users/luisnavarro/.m2/repository/org/apache/maven/doxia/doxia-integration-tools/2.0.0/doxia-integration-tools-2.0.0.jar:/Users/luisnavarro/.m2/repository/org/codehaus/plexus/plexus-i18n/1.0-beta-10/plexus-i18n-1.0-beta-10.jar:/Users/luisnavarro/.m2/repository/org/apache/maven/doxia/doxia-site-renderer/2.0.0/doxia-site-renderer-2.0.0.jar:/Users/luisnavarro/.m2/repository/org/apache/maven/doxia/doxia-skin-model/2.0.0/doxia-skin-model-2.0.0.jar:/Users/luisnavarro/.m2/repository/org/apache/maven/doxia/doxia-module-xhtml5/2.0.0/doxia-module-xhtml5-2.0.0.jar:/Users/luisnavarro/.m2/repository/org/codehaus/plexus/plexus-velocity/2.2.0/plexus-velocity-2.2.0.jar:/Users/luisnavarro/.m2/repository/org/apache/velocity/tools/velocity-tools-generic/3.1/velocity-tools-generic-3.1.jar:/Users/luisnavarro/.m2/repository/org/apache/commons/commons-digester3/3.2/commons-digester3-3.2.jar:/Users/luisnavarro/.m2/repository/com/github/cliftonlabs/json-simple/3.0.2/json-simple-3.0.2.jar:/Users/luisnavarro/.m2/repository/org/apache/maven/doxia/doxia-module-apt/2.0.0/doxia-module-apt-2.0.0.jar:/Users/luisnavarro/.m2/repository/org/apache/maven/maven-archiver/3.6.2/maven-archiver-3.6.2.jar:/Users/luisnavarro/.m2/repository/org/codehaus/plexus/plexus-archiver/4.9.2/plexus-archiver-4.9.2.jar:/Users/luisnavarro/.m2/repository/org/codehaus/plexus/plexus-io/3.4.2/plexus-io-3.4.2.jar:/Users/luisnavarro/.m2/repository/com/github/luben/zstd-jni/1.5.5-11/zstd-jni-1.5.5-11.jar:/Users/luisnavarro/.m2/repository/net/lingala/zip4j/zip4j/2.11.5/zip4j-2.11.5.jar:/Users/luisnavarro/.m2/repository/org/apache/commons/commons-exec/1.4.0/commons-exec-1.4.0.jar:/Users/luisnavarro/.m2/repository/org/apache/commons/commons-text/1.12.0/commons-text-1.12.0.jar:/Users/luisnavarro/.m2/repository/org/apache/maven/plugin-tools/maven-plugin-annotations/3.15.1/maven-plugin-annotations-3.15.1.jar:/Users/luisnavarro/.m2/repository/org/apache/maven/plugins/maven-jxr-plugin/3.6.0/maven-jxr-plugin-3.6.0.jar:/Users/luisnavarro/.m2/repository/org/apache/maven/maven-jxr/3.6.0/maven-jxr-3.6.0.jar:/Users/luisnavarro/.m2/repository/org/apache/maven/wagon/wagon-provider-api/3.5.3/wagon-provider-api-3.5.3.jar:/Users/luisnavarro/.m2/repository/org/codehaus/plexus/plexus-java/1.3.0/plexus-java-1.3.0.jar:/Users/luisnavarro/.m2/repository/org/ow2/asm/asm/9.7/asm-9.7.jar:/Users/luisnavarro/.m2/repository/com/thoughtworks/qdox/qdox/2.1.0/qdox-2.1.0.jar:/Users/luisnavarro/.m2/repository/io/qameta/allure/allure-plugin-api/2.32.0/allure-plugin-api-2.32.0.jar:/Users/luisnavarro/.m2/repository/com/fasterxml/jackson/module/jackson-module-jaxb-annotations/2.18.1/jackson-module-jaxb-annotations-2.18.1.jar:/Users/luisnavarro/.m2/repository/jakarta/activation/jakarta.activation-api/1.2.2/jakarta.activation-api-1.2.2.jar:/Users/luisnavarro/.m2/repository/com/opencsv/opencsv/5.9/opencsv-5.9.jar:/Users/luisnavarro/.m2/repository/com/vladsch/flexmark/flexmark/0.62.2/flexmark-0.62.2.jar:/Users/luisnavarro/.m2/repository/com/vladsch/flexmark/flexmark-util-ast/0.62.2/flexmark-util-ast-0.62.2.jar:/Users/luisnavarro/.m2/repository/org/jetbrains/annotations/15.0/annotations-15.0.jar:/Users/luisnavarro/.m2/repository/com/vladsch/flexmark/flexmark-util-builder/0.62.2/flexmark-util-builder-0.62.2.jar:/Users/luisnavarro/.m2/repository/com/vladsch/flexmark/flexmark-util-collection/0.62.2/flexmark-util-collection-0.62.2.jar:/Users/luisnavarro/.m2/repository/com/vladsch/flexmark/flexmark-util-data/0.62.2/flexmark-util-data-0.62.2.jar:/Users/luisnavarro/.m2/repository/com/vladsch/flexmark/flexmark-util-dependency/0.62.2/flexmark-util-dependency-0.62.2.jar:/Users/luisnavarro/.m2/repository/com/vladsch/flexmark/flexmark-util-format/0.62.2/flexmark-util-format-0.62.2.jar:/Users/luisnavarro/.m2/repository/com/vladsch/flexmark/flexmark-util-html/0.62.2/flexmark-util-html-0.62.2.jar:/Users/luisnavarro/.m2/repository/com/vladsch/flexmark/flexmark-util-misc/0.62.2/flexmark-util-misc-0.62.2.jar:/Users/luisnavarro/.m2/repository/com/vladsch/flexmark/flexmark-util-sequence/0.62.2/flexmark-util-sequence-0.62.2.jar:/Users/luisnavarro/.m2/repository/com/vladsch/flexmark/flexmark-util-visitor/0.62.2/flexmark-util-visitor-0.62.2.jar:/Users/luisnavarro/.m2/repository/com/vladsch/flexmark/flexmark-ext-tables/0.62.2/flexmark-ext-tables-0.62.2.jar:/Users/luisnavarro/.m2/repository/com/vladsch/flexmark/flexmark-util/0.62.2/flexmark-util-0.62.2.jar:/Users/luisnavarro/.m2/repository/com/vladsch/flexmark/flexmark-util-options/0.62.2/flexmark-util-options-0.62.2.jar:/Users/luisnavarro/.m2/repository/javax/xml/bind/jaxb-api/2.3.1/jaxb-api-2.3.1.jar:/Users/luisnavarro/.m2/repository/javax/activation/javax.activation-api/1.2.0/javax.activation-api-1.2.0.jar:/Users/luisnavarro/.m2/repository/org/freemarker/freemarker/2.3.33/freemarker-2.3.33.jar:/Users/luisnavarro/.m2/repository/io/qameta/htmlelements/htmlelements/2.0-BETA16/htmlelements-2.0-BETA16.jar:/Users/luisnavarro/.m2/repository/org/hamcrest/hamcrest-all/1.3/hamcrest-all-1.3.jar:/Users/luisnavarro/.m2/repository/com/google/inject/guice/4.1.0/guice-4.1.0.jar:/Users/luisnavarro/.m2/repository/aopalliance/aopalliance/1.0/aopalliance-1.0.jar:/Users/luisnavarro/.m2/repository/org/jbehave/jbehave-core/4.7/jbehave-core-4.7.jar:/Users/luisnavarro/.m2/repository/org/hamcrest/hamcrest/2.1/hamcrest-2.1.jar:/Users/luisnavarro/.m2/repository/commons-io/commons-io/2.6/commons-io-2.6.jar:/Users/luisnavarro/.m2/repository/com/thoughtworks/paranamer/paranamer/2.8/paranamer-2.8.jar:/Users/luisnavarro/.m2/repository/com/thoughtworks/xstream/xstream/1.4.9/xstream-1.4.9.jar:/Users/luisnavarro/.m2/repository/xmlpull/xmlpull/1.1.3.1/xmlpull-1.1.3.1.jar:/Users/luisnavarro/.m2/repository/xpp3/xpp3_min/1.1.4c/xpp3_min-1.1.4c.jar:/Users/luisnavarro/.m2/repository/com/webforj/webforj-html-elements/24.20/webforj-html-elements-24.20.jar:/Users/luisnavarro/.m2/repository/com/webforj/webforj-foundation/24.20/webforj-foundation-24.20.jar:/Users/luisnavarro/.m2/repository/com/webforj/webforj-engine/24.20/webforj-engine-24.20.jar:/Users/luisnavarro/.m2/repository/com/google/protobuf/protobuf-java/3.25.1/protobuf-java-3.25.1.jar:/Users/luisnavarro/.m2/repository/io/netty/netty-common/4.1.101.Final/netty-common-4.1.101.Final.jar:/Users/luisnavarro/.m2/repository/io/netty/netty-buffer/4.1.101.Final/netty-buffer-4.1.101.Final.jar:/Users/luisnavarro/.m2/repository/io/netty/netty-transport/4.1.101.Final/netty-transport-4.1.101.Final.jar:/Users/luisnavarro/.m2/repository/io/netty/netty-handler/4.1.101.Final/netty-handler-4.1.101.Final.jar:/Users/luisnavarro/.m2/repository/io/netty/netty-codec/4.1.101.Final/netty-codec-4.1.101.Final.jar:/Users/luisnavarro/.m2/repository/io/netty/netty-resolver/4.1.101.Final/netty-resolver-4.1.101.Final.jar:/Users/luisnavarro/.m2/repository/io/netty/netty-transport-native-unix-common/4.1.101.Final/netty-transport-native-unix-common-4.1.101.Final.jar:/Users/luisnavarro/.m2/repository/io/netty/netty-transport-classes-epoll/4.1.101.Final/netty-transport-classes-epoll-4.1.101.Final.jar:/Users/luisnavarro/.m2/repository/io/netty/netty-transport-native-epoll/4.1.101.Final/netty-transport-native-epoll-4.1.101.Final.jar:/Users/luisnavarro/.m2/repository/io/netty/netty-transport-classes-kqueue/4.1.101.Final/netty-transport-classes-kqueue-4.1.101.Final.jar:/Users/luisnavarro/.m2/repository/io/netty/netty-transport-native-kqueue/4.1.101.Final/netty-transport-native-kqueue-4.1.101.Final.jar:/Users/luisnavarro/.m2/repository/org/ow2/asm/asm-commons/9.6/asm-commons-9.6.jar:/Users/luisnavarro/.m2/repository/org/ow2/asm/asm-tree/9.6/asm-tree-9.6.jar:/Users/luisnavarro/.m2/repository/org/ow2/asm/asm-util/9.6/asm-util-9.6.jar:/Users/luisnavarro/.m2/repository/org/ow2/asm/asm-analysis/9.6/asm-analysis-9.6.jar:/Users/luisnavarro/.m2/repository/org/json/json/20240303/json-20240303.jar:/Users/luisnavarro/.m2/repository/org/gwtproject/gwt-user/2.11.0/gwt-user-2.11.0.jar:/Users/luisnavarro/.m2/repository/com/google/jsinterop/jsinterop-annotations/2.0.0/jsinterop-annotations-2.0.0.jar:/Users/luisnavarro/.m2/repository/javax/validation/validation-api/1.0.0.GA/validation-api-1.0.0.GA.jar:/Users/luisnavarro/.m2/repository/javax/validation/validation-api/1.0.0.GA/validation-api-1.0.0.GA-sources.jar:/Users/luisnavarro/.m2/repository/javax/servlet/javax.servlet-api/3.1.0/javax.servlet-api-3.1.0.jar:/Users/luisnavarro/.m2/repository/org/w3c/css/sac/1.3/sac-1.3.jar:/Users/luisnavarro/.m2/repository/io/prometheus/simpleclient/0.16.0/simpleclient-0.16.0.jar:/Users/luisnavarro/.m2/repository/io/prometheus/simpleclient_tracer_otel/0.16.0/simpleclient_tracer_otel-0.16.0.jar:/Users/luisnavarro/.m2/repository/io/prometheus/simpleclient_tracer_common/0.16.0/simpleclient_tracer_common-0.16.0.jar:/Users/luisnavarro/.m2/repository/io/prometheus/simpleclient_tracer_otel_agent/0.16.0/simpleclient_tracer_otel_agent-0.16.0.jar:/Users/luisnavarro/.m2/repository/org/eclipse/jetty/websocket/websocket-jetty-api/10.0.20/websocket-jetty-api-10.0.20.jar:/Users/luisnavarro/.m2/repository/org/apache/tika/tika-core/2.3.0/tika-core-2.3.0.jar:/Users/luisnavarro/.m2/repository/commons-fileupload/commons-fileupload/1.5/commons-fileupload-1.5.jar:/Users/luisnavarro/.m2/repository/com/webforj/webforj-dispatcher/24.20/webforj-dispatcher-24.20.jar:/Users/luisnavarro/.m2/repository/com/webforj/webforj-data/24.20/webforj-data-24.20.jar:/Users/luisnavarro/.m2/repository/io/github/classgraph/classgraph/4.8.176/classgraph-4.8.176.jar:/Users/luisnavarro/.m2/repository/com/typesafe/config/1.4.3/config-1.4.3.jar:/Users/luisnavarro/.m2/repository/org/junit/jupiter/junit-jupiter-engine/5.11.4/junit-jupiter-engine-5.11.4.jar:/Users/luisnavarro/.m2/repository/org/junit/jupiter/junit-jupiter/5.11.4/junit-jupiter-5.11.4.jar:/Users/luisnavarro/.m2/repository/org/junit/jupiter/junit-jupiter-params/5.11.4/junit-jupiter-params-5.11.4.jar:/Users/luisnavarro/.m2/repository/org/junit/jupiter/junit-jupiter-api/5.11.4/junit-jupiter-api-5.11.4.jar:/Users/luisnavarro/.m2/repository/org/assertj/assertj-core/3.26.3/assertj-core-3.26.3.jar:/Users/luisnavarro/.m2/repository/net/bytebuddy/byte-buddy/1.14.18/byte-buddy-1.14.18.jar:/Users/luisnavarro/.m2/repository/io/github/cdimascio/dotenv-java/3.1.0/dotenv-java-3.1.0.jar:/Users/luisnavarro/.m2/repository/org/junit/platform/junit-platform-suite-api/1.11.4/junit-platform-suite-api-1.11.4.jar:/Users/luisnavarro/.m2/repository/io/cucumber/cucumber-java/7.20.1/cucumber-java-7.20.1.jar:/Users/luisnavarro/.m2/repository/io/cucumber/cucumber-core/7.20.1/cucumber-core-7.20.1.jar:/Users/luisnavarro/.m2/repository/io/cucumber/cucumber-gherkin/7.20.1/cucumber-gherkin-7.20.1.jar:/Users/luisnavarro/.m2/repository/io/cucumber/cucumber-gherkin-messages/7.20.1/cucumber-gherkin-messages-7.20.1.jar:/Users/luisnavarro/.m2/repository/io/cucumber/testng-xml-formatter/0.2.0/testng-xml-formatter-0.2.0.jar:/Users/luisnavarro/.m2/repository/io/cucumber/query/12.2.0/query-12.2.0.jar:/Users/luisnavarro/.m2/repository/io/cucumber/tag-expressions/6.1.0/tag-expressions-6.1.0.jar:/Users/luisnavarro/.m2/repository/io/cucumber/cucumber-expressions/17.1.0/cucumber-expressions-17.1.0.jar:/Users/luisnavarro/.m2/repository/io/cucumber/datatable/7.20.1/datatable-7.20.1.jar:/Users/luisnavarro/.m2/repository/io/cucumber/cucumber-plugin/7.20.1/cucumber-plugin-7.20.1.jar:/Users/luisnavarro/.m2/repository/io/cucumber/docstring/7.20.1/docstring-7.20.1.jar:/Users/luisnavarro/.m2/repository/io/cucumber/html-formatter/21.7.0/html-formatter-21.7.0.jar:/Users/luisnavarro/.m2/repository/io/cucumber/junit-xml-formatter/0.5.0/junit-xml-formatter-0.5.0.jar:/Users/luisnavarro/.m2/repository/io/cucumber/ci-environment/10.0.1/ci-environment-10.0.1.jar:/Users/luisnavarro/.m2/repository/io/qameta/allure/allure-junit5/2.29.1/allure-junit5-2.29.1.jar:/Users/luisnavarro/.m2/repository/io/qameta/allure/allure-junit-platform/2.29.1/allure-junit-platform-2.29.1.jar:/Users/luisnavarro/.m2/repository/io/qameta/allure/allure-junit4/2.29.1/allure-junit4-2.29.1.jar:/Users/luisnavarro/.m2/repository/io/qameta/allure/allure-test-filter/2.29.1/allure-test-filter-2.29.1.jar:/Users/luisnavarro/.m2/repository/io/qameta/allure/allure-java-commons/2.29.1/allure-java-commons-2.29.1.jar:/Users/luisnavarro/.m2/repository/io/qameta/allure/allure-model/2.29.1/allure-model-2.29.1.jar:"/>
    <property name="java.vm.vendor" value="Oracle Corporation"/>
    <property name="sun.arch.data.model" value="64"/>
    <property name="java.vendor.url" value="https://java.oracle.com/"/>
    <property name="user.timezone" value="America/Mexico_City"/>
    <property name="os.name" value="Mac OS X"/>
    <property name="java.vm.specification.version" value="24"/>
    <property name="sun.java.launcher" value="SUN_STANDARD"/>
    <property name="user.country" value="MX"/>
    <property name="sun.boot.library.path" value="/Library/Java/JavaVirtualMachines/jdk-24.jdk/Contents/Home/lib"/>
    <property name="sun.java.command" value="/Users/luisnavarro/Library/CloudStorage/OneDrive-InstitutoSuperiorAutonomodeOccidenteA.C/DOCS_GRID/SELENIUM/SeleniumPageFactory/target/surefire/surefirebooter-20250805142935310_3.jar /Users/luisnavarro/Library/CloudStorage/OneDrive-InstitutoSuperiorAutonomodeOccidenteA.C/DOCS_GRID/SELENIUM/SeleniumPageFactory/target/surefire 2025-08-05T14-29-35_283-jvmRun1 surefire-20250805142935310_1tmp surefire_0-20250805142935310_2tmp"/>
    <property name="http.nonProxyHosts" value="local|*.local|169.254/16|*.169.254/16"/>
    <property name="jdk.debug" value="release"/>
    <property name="surefire.test.class.path" value="/Users/luisnavarro/Library/CloudStorage/OneDrive-InstitutoSuperiorAutonomodeOccidenteA.C/DOCS_GRID/SELENIUM/SeleniumPageFactory/target/test-classes:/Users/luisnavarro/Library/CloudStorage/OneDrive-InstitutoSuperiorAutonomodeOccidenteA.C/DOCS_GRID/SELENIUM/SeleniumPageFactory/target/classes:/Users/luisnavarro/.m2/repository/io/qameta/allure/allure-cucumber7-jvm/2.29.1/allure-cucumber7-jvm-2.29.1.jar:/Users/luisnavarro/.m2/repository/io/cucumber/gherkin/30.0.4/gherkin-30.0.4.jar:/Users/luisnavarro/.m2/repository/io/cucumber/messages/24.1.0/messages-24.1.0.jar:/Users/luisnavarro/.m2/repository/com/google/code/gson/gson/2.11.0/gson-2.11.0.jar:/Users/luisnavarro/.m2/repository/com/google/errorprone/error_prone_annotations/2.27.0/error_prone_annotations-2.27.0.jar:/Users/luisnavarro/.m2/repository/io/qameta/allure/allure-cucumber-jvm/2.20.1/allure-cucumber-jvm-2.20.1.jar:/Users/luisnavarro/.m2/repository/info/cukes/gherkin/2.12.2/gherkin-2.12.2.jar:/Users/luisnavarro/.m2/repository/com/fasterxml/jackson/core/jackson-core/2.18.2/jackson-core-2.18.2.jar:/Users/luisnavarro/.m2/repository/com/fasterxml/jackson/core/jackson-databind/2.18.2/jackson-databind-2.18.2.jar:/Users/luisnavarro/.m2/repository/com/fasterxml/jackson/core/jackson-annotations/2.18.2/jackson-annotations-2.18.2.jar:/Users/luisnavarro/.m2/repository/io/cucumber/cucumber-junit-platform-engine/7.20.1/cucumber-junit-platform-engine-7.20.1.jar:/Users/luisnavarro/.m2/repository/io/cucumber/cucumber-junit/7.20.1/cucumber-junit-7.20.1.jar:/Users/luisnavarro/.m2/repository/org/apiguardian/apiguardian-api/1.1.2/apiguardian-api-1.1.2.jar:/Users/luisnavarro/.m2/repository/junit/junit/4.13.2/junit-4.13.2.jar:/Users/luisnavarro/.m2/repository/org/hamcrest/hamcrest-core/1.3/hamcrest-core-1.3.jar:/Users/luisnavarro/.m2/repository/org/junit/platform/junit-platform-launcher/1.11.4/junit-platform-launcher-1.11.4.jar:/Users/luisnavarro/.m2/repository/org/junit/platform/junit-platform-runner/1.11.4/junit-platform-runner-1.11.4.jar:/Users/luisnavarro/.m2/repository/org/junit/platform/junit-platform-suite-commons/1.11.4/junit-platform-suite-commons-1.11.4.jar:/Users/luisnavarro/.m2/repository/org/junit/platform/junit-platform-engine/1.11.4/junit-platform-engine-1.11.4.jar:/Users/luisnavarro/.m2/repository/org/opentest4j/opentest4j/1.3.0/opentest4j-1.3.0.jar:/Users/luisnavarro/.m2/repository/org/junit/platform/junit-platform-commons/1.11.4/junit-platform-commons-1.11.4.jar:/Users/luisnavarro/.m2/repository/org/owasp/dependency-check-maven/11.1.1/dependency-check-maven-11.1.1.jar:/Users/luisnavarro/.m2/repository/org/owasp/dependency-check-core/11.1.1/dependency-check-core-11.1.1.jar:/Users/luisnavarro/.m2/repository/io/github/jeremylong/open-vulnerability-clients/7.0.1/open-vulnerability-clients-7.0.1.jar:/Users/luisnavarro/.m2/repository/com/samskivert/jmustache/1.16/jmustache-1.16.jar:/Users/luisnavarro/.m2/repository/org/anarres/jdiagnostics/jdiagnostics/1.0.7/jdiagnostics-1.0.7.jar:/Users/luisnavarro/.m2/repository/org/whitesource/pecoff4j/0.0.2.1/pecoff4j-0.0.2.1.jar:/Users/luisnavarro/.m2/repository/com/github/package-url/packageurl-java/1.5.0/packageurl-java-1.5.0.jar:/Users/luisnavarro/.m2/repository/us/springett/cpe-parser/2.1.0/cpe-parser-2.1.0.jar:/Users/luisnavarro/.m2/repository/org/semver4j/semver4j/5.4.1/semver4j-5.4.1.jar:/Users/luisnavarro/.m2/repository/org/apache/commons/commons-collections4/4.4/commons-collections4-4.4.jar:/Users/luisnavarro/.m2/repository/org/apache/commons/commons-dbcp2/2.12.0/commons-dbcp2-2.12.0.jar:/Users/luisnavarro/.m2/repository/org/apache/commons/commons-pool2/2.12.0/commons-pool2-2.12.0.jar:/Users/luisnavarro/.m2/repository/jakarta/transaction/jakarta.transaction-api/1.3.3/jakarta.transaction-api-1.3.3.jar:/Users/luisnavarro/.m2/repository/org/apache/lucene/lucene-core/9.12.0/lucene-core-9.12.0.jar:/Users/luisnavarro/.m2/repository/org/apache/lucene/lucene-analysis-common/9.12.0/lucene-analysis-common-9.12.0.jar:/Users/luisnavarro/.m2/repository/org/apache/lucene/lucene-queryparser/9.12.0/lucene-queryparser-9.12.0.jar:/Users/luisnavarro/.m2/repository/org/apache/lucene/lucene-queries/9.12.0/lucene-queries-9.12.0.jar:/Users/luisnavarro/.m2/repository/org/apache/lucene/lucene-sandbox/9.12.0/lucene-sandbox-9.12.0.jar:/Users/luisnavarro/.m2/repository/org/apache/lucene/lucene-facet/9.12.0/lucene-facet-9.12.0.jar:/Users/luisnavarro/.m2/repository/org/apache/velocity/velocity-engine-core/2.4.1/velocity-engine-core-2.4.1.jar:/Users/luisnavarro/.m2/repository/com/h2database/h2/2.3.232/h2-2.3.232.jar:/Users/luisnavarro/.m2/repository/org/glassfish/javax.json/1.1.4/javax.json-1.1.4.jar:/Users/luisnavarro/.m2/repository/org/jsoup/jsoup/1.18.3/jsoup-1.18.3.jar:/Users/luisnavarro/.m2/repository/com/fasterxml/jackson/datatype/jackson-datatype-jsr310/2.18.2/jackson-datatype-jsr310-2.18.2.jar:/Users/luisnavarro/.m2/repository/com/fasterxml/jackson/module/jackson-module-afterburner/2.18.2/jackson-module-afterburner-2.18.2.jar:/Users/luisnavarro/.m2/repository/com/fasterxml/jackson/module/jackson-module-blackbird/2.18.2/jackson-module-blackbird-2.18.2.jar:/Users/luisnavarro/.m2/repository/com/fasterxml/jackson/dataformat/jackson-dataformat-yaml/2.18.2/jackson-dataformat-yaml-2.18.2.jar:/Users/luisnavarro/.m2/repository/org/yaml/snakeyaml/2.3/snakeyaml-2.3.jar:/Users/luisnavarro/.m2/repository/com/h3xstream/retirejs/retirejs-core/3.0.4/retirejs-core-3.0.4.jar:/Users/luisnavarro/.m2/repository/com/vaadin/external/google/android-json/0.0.20131108.vaadin1/android-json-0.0.20131108.vaadin1.jar:/Users/luisnavarro/.m2/repository/com/esotericsoftware/minlog/1.3.1/minlog-1.3.1.jar:/Users/luisnavarro/.m2/repository/com/github/spullara/mustache/java/compiler/0.9.6/compiler-0.9.6.jar:/Users/luisnavarro/.m2/repository/org/sonatype/ossindex/ossindex-service-client/1.8.2/ossindex-service-client-1.8.2.jar:/Users/luisnavarro/.m2/repository/org/sonatype/ossindex/ossindex-service-api/1.8.2/ossindex-service-api-1.8.2.jar:/Users/luisnavarro/.m2/repository/javax/ws/rs/javax.ws.rs-api/2.0.1/javax.ws.rs-api-2.0.1.jar:/Users/luisnavarro/.m2/repository/org/sonatype/goodies/package-url-java/1.1.1/package-url-java-1.1.1.jar:/Users/luisnavarro/.m2/repository/joda-time/joda-time/2.10.4/joda-time-2.10.4.jar:/Users/luisnavarro/.m2/repository/com/moandjiezana/toml/toml4j/0.7.2/toml4j-0.7.2.jar:/Users/luisnavarro/.m2/repository/com/hankcs/aho-corasick-double-array-trie/1.2.3/aho-corasick-double-array-trie-1.2.3.jar:/Users/luisnavarro/.m2/repository/commons-validator/commons-validator/1.9.0/commons-validator-1.9.0.jar:/Users/luisnavarro/.m2/repository/commons-digester/commons-digester/2.1/commons-digester-2.1.jar:/Users/luisnavarro/.m2/repository/org/eclipse/packager/packager-rpm/0.21.0/packager-rpm-0.21.0.jar:/Users/luisnavarro/.m2/repository/org/eclipse/packager/packager-core/0.21.0/packager-core-0.21.0.jar:/Users/luisnavarro/.m2/repository/org/bouncycastle/bcprov-jdk18on/1.78/bcprov-jdk18on-1.78.jar:/Users/luisnavarro/.m2/repository/org/bouncycastle/bcpg-jdk18on/1.78/bcpg-jdk18on-1.78.jar:/Users/luisnavarro/.m2/repository/org/tukaani/xz/1.9/xz-1.9.jar:/Users/luisnavarro/.m2/repository/org/owasp/dependency-check-utils/11.1.1/dependency-check-utils-11.1.1.jar:/Users/luisnavarro/.m2/repository/org/apache/commons/commons-jcs3-core/3.2.1/commons-jcs3-core-3.2.1.jar:/Users/luisnavarro/.m2/repository/io/github/jeremylong/jcs3-slf4j/1.0.5/jcs3-slf4j-1.0.5.jar:/Users/luisnavarro/.m2/repository/org/apache/maven/shared/file-management/3.1.0/file-management-3.1.0.jar:/Users/luisnavarro/.m2/repository/org/codehaus/plexus/plexus-utils/4.0.2/plexus-utils-4.0.2.jar:/Users/luisnavarro/.m2/repository/org/codehaus/plexus/plexus-xml/3.0.1/plexus-xml-3.0.1.jar:/Users/luisnavarro/.m2/repository/org/apache/maven/reporting/maven-reporting-api/4.0.0/maven-reporting-api-4.0.0.jar:/Users/luisnavarro/.m2/repository/org/apache/maven/doxia/doxia-sink-api/2.0.0/doxia-sink-api-2.0.0.jar:/Users/luisnavarro/.m2/repository/org/sonatype/plexus/plexus-sec-dispatcher/1.4/plexus-sec-dispatcher-1.4.jar:/Users/luisnavarro/.m2/repository/org/sonatype/plexus/plexus-cipher/1.4/plexus-cipher-1.4.jar:/Users/luisnavarro/.m2/repository/org/apache/maven/shared/maven-dependency-tree/3.3.0/maven-dependency-tree-3.3.0.jar:/Users/luisnavarro/.m2/repository/org/apache/maven/resolver/maven-resolver-util/1.4.1/maven-resolver-util-1.4.1.jar:/Users/luisnavarro/.m2/repository/org/apache/maven/shared/maven-artifact-transfer/0.13.1/maven-artifact-transfer-0.13.1.jar:/Users/luisnavarro/.m2/repository/org/apache/maven/maven-artifact/3.0/maven-artifact-3.0.jar:/Users/luisnavarro/.m2/repository/org/codehaus/plexus/plexus-component-annotations/2.0.0/plexus-component-annotations-2.0.0.jar:/Users/luisnavarro/.m2/repository/org/apache/maven/shared/maven-common-artifact-filters/3.1.0/maven-common-artifact-filters-3.1.0.jar:/Users/luisnavarro/.m2/repository/org/sonatype/sisu/sisu-inject-plexus/1.4.2/sisu-inject-plexus-1.4.2.jar:/Users/luisnavarro/.m2/repository/org/sonatype/sisu/sisu-inject-bean/1.4.2/sisu-inject-bean-1.4.2.jar:/Users/luisnavarro/.m2/repository/org/sonatype/sisu/sisu-guice/2.1.7/sisu-guice-2.1.7-noaop.jar:/Users/luisnavarro/.m2/repository/com/puppycrawl/tools/checkstyle/10.20.2/checkstyle-10.20.2.jar:/Users/luisnavarro/.m2/repository/info/picocli/picocli/4.7.6/picocli-4.7.6.jar:/Users/luisnavarro/.m2/repository/org/antlr/antlr4-runtime/4.13.2/antlr4-runtime-4.13.2.jar:/Users/luisnavarro/.m2/repository/commons-beanutils/commons-beanutils/1.9.4/commons-beanutils-1.9.4.jar:/Users/luisnavarro/.m2/repository/commons-logging/commons-logging/1.2/commons-logging-1.2.jar:/Users/luisnavarro/.m2/repository/commons-collections/commons-collections/3.2.2/commons-collections-3.2.2.jar:/Users/luisnavarro/.m2/repository/org/reflections/reflections/0.10.2/reflections-0.10.2.jar:/Users/luisnavarro/.m2/repository/org/javassist/javassist/3.28.0-GA/javassist-3.28.0-GA.jar:/Users/luisnavarro/.m2/repository/net/sf/saxon/Saxon-HE/12.5/Saxon-HE-12.5.jar:/Users/luisnavarro/.m2/repository/org/xmlresolver/xmlresolver/5.2.2/xmlresolver-5.2.2.jar:/Users/luisnavarro/.m2/repository/org/xmlresolver/xmlresolver/5.2.2/xmlresolver-5.2.2-data.jar:/Users/luisnavarro/.m2/repository/org/checkerframework/checker-qual/3.48.2/checker-qual-3.48.2.jar:/Users/luisnavarro/.m2/repository/org/apache/maven/doxia/doxia-core/1.12.0/doxia-core-1.12.0.jar:/Users/luisnavarro/.m2/repository/org/apache/maven/doxia/doxia-logging-api/1.12.0/doxia-logging-api-1.12.0.jar:/Users/luisnavarro/.m2/repository/org/codehaus/plexus/plexus-container-default/2.1.0/plexus-container-default-2.1.0.jar:/Users/luisnavarro/.m2/repository/org/apache/xbean/xbean-reflect/3.7/xbean-reflect-3.7.jar:/Users/luisnavarro/.m2/repository/org/apache/httpcomponents/httpclient/4.5.13/httpclient-4.5.13.jar:/Users/luisnavarro/.m2/repository/org/apache/httpcomponents/httpcore/4.4.14/httpcore-4.4.14.jar:/Users/luisnavarro/.m2/repository/org/apache/maven/doxia/doxia-module-xdoc/1.12.0/doxia-module-xdoc-1.12.0.jar:/Users/luisnavarro/.m2/repository/com/google/guava/guava/33.3.1-jre/guava-33.3.1-jre.jar:/Users/luisnavarro/.m2/repository/com/google/guava/failureaccess/1.0.2/failureaccess-1.0.2.jar:/Users/luisnavarro/.m2/repository/com/google/guava/listenablefuture/9999.0-empty-to-avoid-conflict-with-guava/listenablefuture-9999.0-empty-to-avoid-conflict-with-guava.jar:/Users/luisnavarro/.m2/repository/com/google/code/findbugs/jsr305/3.0.2/jsr305-3.0.2.jar:/Users/luisnavarro/.m2/repository/com/google/j2objc/j2objc-annotations/3.0.0/j2objc-annotations-3.0.0.jar:/Users/luisnavarro/.m2/repository/log4j/log4j/1.2.17/log4j-1.2.17.jar:/Users/luisnavarro/.m2/repository/org/seleniumhq/selenium/selenium-java/4.27.0/selenium-java-4.27.0.jar:/Users/luisnavarro/.m2/repository/org/seleniumhq/selenium/selenium-api/4.27.0/selenium-api-4.27.0.jar:/Users/luisnavarro/.m2/repository/org/jspecify/jspecify/1.0.0/jspecify-1.0.0.jar:/Users/luisnavarro/.m2/repository/org/seleniumhq/selenium/selenium-chrome-driver/4.27.0/selenium-chrome-driver-4.27.0.jar:/Users/luisnavarro/.m2/repository/com/google/auto/service/auto-service-annotations/1.1.1/auto-service-annotations-1.1.1.jar:/Users/luisnavarro/.m2/repository/org/seleniumhq/selenium/selenium-chromium-driver/4.27.0/selenium-chromium-driver-4.27.0.jar:/Users/luisnavarro/.m2/repository/org/seleniumhq/selenium/selenium-json/4.27.0/selenium-json-4.27.0.jar:/Users/luisnavarro/.m2/repository/org/seleniumhq/selenium/selenium-manager/4.27.0/selenium-manager-4.27.0.jar:/Users/luisnavarro/.m2/repository/org/seleniumhq/selenium/selenium-devtools-v129/4.27.0/selenium-devtools-v129-4.27.0.jar:/Users/luisnavarro/.m2/repository/org/seleniumhq/selenium/selenium-devtools-v130/4.27.0/selenium-devtools-v130-4.27.0.jar:/Users/luisnavarro/.m2/repository/org/seleniumhq/selenium/selenium-devtools-v131/4.27.0/selenium-devtools-v131-4.27.0.jar:/Users/luisnavarro/.m2/repository/org/seleniumhq/selenium/selenium-devtools-v85/4.27.0/selenium-devtools-v85-4.27.0.jar:/Users/luisnavarro/.m2/repository/org/seleniumhq/selenium/selenium-edge-driver/4.27.0/selenium-edge-driver-4.27.0.jar:/Users/luisnavarro/.m2/repository/org/seleniumhq/selenium/selenium-firefox-driver/4.27.0/selenium-firefox-driver-4.27.0.jar:/Users/luisnavarro/.m2/repository/org/seleniumhq/selenium/selenium-http/4.27.0/selenium-http-4.27.0.jar:/Users/luisnavarro/.m2/repository/dev/failsafe/failsafe/3.3.2/failsafe-3.3.2.jar:/Users/luisnavarro/.m2/repository/org/seleniumhq/selenium/selenium-ie-driver/4.27.0/selenium-ie-driver-4.27.0.jar:/Users/luisnavarro/.m2/repository/org/seleniumhq/selenium/selenium-remote-driver/4.27.0/selenium-remote-driver-4.27.0.jar:/Users/luisnavarro/.m2/repository/io/opentelemetry/semconv/opentelemetry-semconv/1.25.0-alpha/opentelemetry-semconv-1.25.0-alpha.jar:/Users/luisnavarro/.m2/repository/io/opentelemetry/opentelemetry-api/1.44.1/opentelemetry-api-1.44.1.jar:/Users/luisnavarro/.m2/repository/io/opentelemetry/opentelemetry-context/1.44.1/opentelemetry-context-1.44.1.jar:/Users/luisnavarro/.m2/repository/io/opentelemetry/opentelemetry-exporter-logging/1.44.1/opentelemetry-exporter-logging-1.44.1.jar:/Users/luisnavarro/.m2/repository/io/opentelemetry/opentelemetry-sdk-common/1.44.1/opentelemetry-sdk-common-1.44.1.jar:/Users/luisnavarro/.m2/repository/io/opentelemetry/opentelemetry-sdk-extension-autoconfigure-spi/1.44.1/opentelemetry-sdk-extension-autoconfigure-spi-1.44.1.jar:/Users/luisnavarro/.m2/repository/io/opentelemetry/opentelemetry-sdk-extension-autoconfigure/1.44.1/opentelemetry-sdk-extension-autoconfigure-1.44.1.jar:/Users/luisnavarro/.m2/repository/io/opentelemetry/opentelemetry-api-incubator/1.44.1-alpha/opentelemetry-api-incubator-1.44.1-alpha.jar:/Users/luisnavarro/.m2/repository/io/opentelemetry/opentelemetry-sdk-trace/1.44.1/opentelemetry-sdk-trace-1.44.1.jar:/Users/luisnavarro/.m2/repository/io/opentelemetry/opentelemetry-sdk/1.44.1/opentelemetry-sdk-1.44.1.jar:/Users/luisnavarro/.m2/repository/io/opentelemetry/opentelemetry-sdk-metrics/1.44.1/opentelemetry-sdk-metrics-1.44.1.jar:/Users/luisnavarro/.m2/repository/io/opentelemetry/opentelemetry-sdk-logs/1.44.1/opentelemetry-sdk-logs-1.44.1.jar:/Users/luisnavarro/.m2/repository/org/seleniumhq/selenium/selenium-os/4.27.0/selenium-os-4.27.0.jar:/Users/luisnavarro/.m2/repository/org/seleniumhq/selenium/selenium-safari-driver/4.27.0/selenium-safari-driver-4.27.0.jar:/Users/luisnavarro/.m2/repository/org/seleniumhq/selenium/selenium-support/4.27.0/selenium-support-4.27.0.jar:/Users/luisnavarro/.m2/repository/org/slf4j/slf4j-simple/2.0.16/slf4j-simple-2.0.16.jar:/Users/luisnavarro/.m2/repository/org/slf4j/slf4j-api/2.0.16/slf4j-api-2.0.16.jar:/Users/luisnavarro/.m2/repository/org/apache/logging/log4j/log4j-core/2.24.2/log4j-core-2.24.2.jar:/Users/luisnavarro/.m2/repository/org/apache/logging/log4j/log4j-api/2.24.2/log4j-api-2.24.2.jar:/Users/luisnavarro/.m2/repository/io/github/bonigarcia/webdrivermanager/5.9.2/webdrivermanager-5.9.2.jar:/Users/luisnavarro/.m2/repository/com/github/docker-java/docker-java/3.4.0/docker-java-3.4.0.jar:/Users/luisnavarro/.m2/repository/com/github/docker-java/docker-java-core/3.4.0/docker-java-core-3.4.0.jar:/Users/luisnavarro/.m2/repository/com/github/docker-java/docker-java-api/3.4.0/docker-java-api-3.4.0.jar:/Users/luisnavarro/.m2/repository/org/slf4j/jcl-over-slf4j/1.7.30/jcl-over-slf4j-1.7.30.jar:/Users/luisnavarro/.m2/repository/com/github/docker-java/docker-java-transport-httpclient5/3.4.0/docker-java-transport-httpclient5-3.4.0.jar:/Users/luisnavarro/.m2/repository/com/github/docker-java/docker-java-transport/3.4.0/docker-java-transport-3.4.0.jar:/Users/luisnavarro/.m2/repository/net/java/dev/jna/jna/5.13.0/jna-5.13.0.jar:/Users/luisnavarro/.m2/repository/org/brotli/dec/0.1.2/dec-0.1.2.jar:/Users/luisnavarro/.m2/repository/org/apache/commons/commons-lang3/3.15.0/commons-lang3-3.15.0.jar:/Users/luisnavarro/.m2/repository/org/apache/commons/commons-compress/1.26.2/commons-compress-1.26.2.jar:/Users/luisnavarro/.m2/repository/commons-codec/commons-codec/1.17.0/commons-codec-1.17.0.jar:/Users/luisnavarro/.m2/repository/org/apache/httpcomponents/client5/httpclient5/5.2.1/httpclient5-5.2.1.jar:/Users/luisnavarro/.m2/repository/org/apache/httpcomponents/core5/httpcore5/5.2/httpcore5-5.2.jar:/Users/luisnavarro/.m2/repository/org/apache/httpcomponents/core5/httpcore5-h2/5.2/httpcore5-h2-5.2.jar:/Users/luisnavarro/.m2/repository/io/qameta/allure/allure-maven/2.15.2/allure-maven-2.15.2.jar:/Users/luisnavarro/.m2/repository/org/apache/maven/maven-core/3.9.9/maven-core-3.9.9.jar:/Users/luisnavarro/.m2/repository/org/apache/maven/maven-model/3.9.9/maven-model-3.9.9.jar:/Users/luisnavarro/.m2/repository/org/apache/maven/maven-settings/3.9.9/maven-settings-3.9.9.jar:/Users/luisnavarro/.m2/repository/org/apache/maven/maven-settings-builder/3.9.9/maven-settings-builder-3.9.9.jar:/Users/luisnavarro/.m2/repository/org/codehaus/plexus/plexus-sec-dispatcher/2.0/plexus-sec-dispatcher-2.0.jar:/Users/luisnavarro/.m2/repository/org/codehaus/plexus/plexus-cipher/2.0/plexus-cipher-2.0.jar:/Users/luisnavarro/.m2/repository/org/apache/maven/maven-builder-support/3.9.9/maven-builder-support-3.9.9.jar:/Users/luisnavarro/.m2/repository/org/apache/maven/maven-repository-metadata/3.9.9/maven-repository-metadata-3.9.9.jar:/Users/luisnavarro/.m2/repository/org/apache/maven/maven-plugin-api/3.9.9/maven-plugin-api-3.9.9.jar:/Users/luisnavarro/.m2/repository/org/apache/maven/maven-model-builder/3.9.9/maven-model-builder-3.9.9.jar:/Users/luisnavarro/.m2/repository/org/apache/maven/maven-resolver-provider/3.9.9/maven-resolver-provider-3.9.9.jar:/Users/luisnavarro/.m2/repository/org/apache/maven/resolver/maven-resolver-impl/1.9.22/maven-resolver-impl-1.9.22.jar:/Users/luisnavarro/.m2/repository/org/apache/maven/resolver/maven-resolver-named-locks/1.9.22/maven-resolver-named-locks-1.9.22.jar:/Users/luisnavarro/.m2/repository/org/apache/maven/resolver/maven-resolver-api/1.9.22/maven-resolver-api-1.9.22.jar:/Users/luisnavarro/.m2/repository/org/apache/maven/resolver/maven-resolver-spi/1.9.22/maven-resolver-spi-1.9.22.jar:/Users/luisnavarro/.m2/repository/org/apache/maven/shared/maven-shared-utils/3.4.2/maven-shared-utils-3.4.2.jar:/Users/luisnavarro/.m2/repository/org/eclipse/sisu/org.eclipse.sisu.plexus/0.9.0.M3/org.eclipse.sisu.plexus-0.9.0.M3.jar:/Users/luisnavarro/.m2/repository/org/eclipse/sisu/org.eclipse.sisu.inject/0.9.0.M3/org.eclipse.sisu.inject-0.9.0.M3.jar:/Users/luisnavarro/.m2/repository/javax/inject/javax.inject/1/javax.inject-1.jar:/Users/luisnavarro/.m2/repository/org/codehaus/plexus/plexus-classworlds/2.8.0/plexus-classworlds-2.8.0.jar:/Users/luisnavarro/.m2/repository/org/codehaus/plexus/plexus-interpolation/1.27/plexus-interpolation-1.27.jar:/Users/luisnavarro/.m2/repository/org/apache/maven/reporting/maven-reporting-impl/4.0.0/maven-reporting-impl-4.0.0.jar:/Users/luisnavarro/.m2/repository/org/apache/maven/doxia/doxia-site-model/2.0.0/doxia-site-model-2.0.0.jar:/Users/luisnavarro/.m2/repository/org/apache/maven/doxia/doxia-integration-tools/2.0.0/doxia-integration-tools-2.0.0.jar:/Users/luisnavarro/.m2/repository/org/codehaus/plexus/plexus-i18n/1.0-beta-10/plexus-i18n-1.0-beta-10.jar:/Users/luisnavarro/.m2/repository/org/apache/maven/doxia/doxia-site-renderer/2.0.0/doxia-site-renderer-2.0.0.jar:/Users/luisnavarro/.m2/repository/org/apache/maven/doxia/doxia-skin-model/2.0.0/doxia-skin-model-2.0.0.jar:/Users/luisnavarro/.m2/repository/org/apache/maven/doxia/doxia-module-xhtml5/2.0.0/doxia-module-xhtml5-2.0.0.jar:/Users/luisnavarro/.m2/repository/org/codehaus/plexus/plexus-velocity/2.2.0/plexus-velocity-2.2.0.jar:/Users/luisnavarro/.m2/repository/org/apache/velocity/tools/velocity-tools-generic/3.1/velocity-tools-generic-3.1.jar:/Users/luisnavarro/.m2/repository/org/apache/commons/commons-digester3/3.2/commons-digester3-3.2.jar:/Users/luisnavarro/.m2/repository/com/github/cliftonlabs/json-simple/3.0.2/json-simple-3.0.2.jar:/Users/luisnavarro/.m2/repository/org/apache/maven/doxia/doxia-module-apt/2.0.0/doxia-module-apt-2.0.0.jar:/Users/luisnavarro/.m2/repository/org/apache/maven/maven-archiver/3.6.2/maven-archiver-3.6.2.jar:/Users/luisnavarro/.m2/repository/org/codehaus/plexus/plexus-archiver/4.9.2/plexus-archiver-4.9.2.jar:/Users/luisnavarro/.m2/repository/org/codehaus/plexus/plexus-io/3.4.2/plexus-io-3.4.2.jar:/Users/luisnavarro/.m2/repository/com/github/luben/zstd-jni/1.5.5-11/zstd-jni-1.5.5-11.jar:/Users/luisnavarro/.m2/repository/net/lingala/zip4j/zip4j/2.11.5/zip4j-2.11.5.jar:/Users/luisnavarro/.m2/repository/org/apache/commons/commons-exec/1.4.0/commons-exec-1.4.0.jar:/Users/luisnavarro/.m2/repository/org/apache/commons/commons-text/1.12.0/commons-text-1.12.0.jar:/Users/luisnavarro/.m2/repository/org/apache/maven/plugin-tools/maven-plugin-annotations/3.15.1/maven-plugin-annotations-3.15.1.jar:/Users/luisnavarro/.m2/repository/org/apache/maven/plugins/maven-jxr-plugin/3.6.0/maven-jxr-plugin-3.6.0.jar:/Users/luisnavarro/.m2/repository/org/apache/maven/maven-jxr/3.6.0/maven-jxr-3.6.0.jar:/Users/luisnavarro/.m2/repository/org/apache/maven/wagon/wagon-provider-api/3.5.3/wagon-provider-api-3.5.3.jar:/Users/luisnavarro/.m2/repository/org/codehaus/plexus/plexus-java/1.3.0/plexus-java-1.3.0.jar:/Users/luisnavarro/.m2/repository/org/ow2/asm/asm/9.7/asm-9.7.jar:/Users/luisnavarro/.m2/repository/com/thoughtworks/qdox/qdox/2.1.0/qdox-2.1.0.jar:/Users/luisnavarro/.m2/repository/io/qameta/allure/allure-plugin-api/2.32.0/allure-plugin-api-2.32.0.jar:/Users/luisnavarro/.m2/repository/com/fasterxml/jackson/module/jackson-module-jaxb-annotations/2.18.1/jackson-module-jaxb-annotations-2.18.1.jar:/Users/luisnavarro/.m2/repository/jakarta/activation/jakarta.activation-api/1.2.2/jakarta.activation-api-1.2.2.jar:/Users/luisnavarro/.m2/repository/com/opencsv/opencsv/5.9/opencsv-5.9.jar:/Users/luisnavarro/.m2/repository/com/vladsch/flexmark/flexmark/0.62.2/flexmark-0.62.2.jar:/Users/luisnavarro/.m2/repository/com/vladsch/flexmark/flexmark-util-ast/0.62.2/flexmark-util-ast-0.62.2.jar:/Users/luisnavarro/.m2/repository/org/jetbrains/annotations/15.0/annotations-15.0.jar:/Users/luisnavarro/.m2/repository/com/vladsch/flexmark/flexmark-util-builder/0.62.2/flexmark-util-builder-0.62.2.jar:/Users/luisnavarro/.m2/repository/com/vladsch/flexmark/flexmark-util-collection/0.62.2/flexmark-util-collection-0.62.2.jar:/Users/luisnavarro/.m2/repository/com/vladsch/flexmark/flexmark-util-data/0.62.2/flexmark-util-data-0.62.2.jar:/Users/luisnavarro/.m2/repository/com/vladsch/flexmark/flexmark-util-dependency/0.62.2/flexmark-util-dependency-0.62.2.jar:/Users/luisnavarro/.m2/repository/com/vladsch/flexmark/flexmark-util-format/0.62.2/flexmark-util-format-0.62.2.jar:/Users/luisnavarro/.m2/repository/com/vladsch/flexmark/flexmark-util-html/0.62.2/flexmark-util-html-0.62.2.jar:/Users/luisnavarro/.m2/repository/com/vladsch/flexmark/flexmark-util-misc/0.62.2/flexmark-util-misc-0.62.2.jar:/Users/luisnavarro/.m2/repository/com/vladsch/flexmark/flexmark-util-sequence/0.62.2/flexmark-util-sequence-0.62.2.jar:/Users/luisnavarro/.m2/repository/com/vladsch/flexmark/flexmark-util-visitor/0.62.2/flexmark-util-visitor-0.62.2.jar:/Users/luisnavarro/.m2/repository/com/vladsch/flexmark/flexmark-ext-tables/0.62.2/flexmark-ext-tables-0.62.2.jar:/Users/luisnavarro/.m2/repository/com/vladsch/flexmark/flexmark-util/0.62.2/flexmark-util-0.62.2.jar:/Users/luisnavarro/.m2/repository/com/vladsch/flexmark/flexmark-util-options/0.62.2/flexmark-util-options-0.62.2.jar:/Users/luisnavarro/.m2/repository/javax/xml/bind/jaxb-api/2.3.1/jaxb-api-2.3.1.jar:/Users/luisnavarro/.m2/repository/javax/activation/javax.activation-api/1.2.0/javax.activation-api-1.2.0.jar:/Users/luisnavarro/.m2/repository/org/freemarker/freemarker/2.3.33/freemarker-2.3.33.jar:/Users/luisnavarro/.m2/repository/io/qameta/htmlelements/htmlelements/2.0-BETA16/htmlelements-2.0-BETA16.jar:/Users/luisnavarro/.m2/repository/org/hamcrest/hamcrest-all/1.3/hamcrest-all-1.3.jar:/Users/luisnavarro/.m2/repository/com/google/inject/guice/4.1.0/guice-4.1.0.jar:/Users/luisnavarro/.m2/repository/aopalliance/aopalliance/1.0/aopalliance-1.0.jar:/Users/luisnavarro/.m2/repository/org/jbehave/jbehave-core/4.7/jbehave-core-4.7.jar:/Users/luisnavarro/.m2/repository/org/hamcrest/hamcrest/2.1/hamcrest-2.1.jar:/Users/luisnavarro/.m2/repository/commons-io/commons-io/2.6/commons-io-2.6.jar:/Users/luisnavarro/.m2/repository/com/thoughtworks/paranamer/paranamer/2.8/paranamer-2.8.jar:/Users/luisnavarro/.m2/repository/com/thoughtworks/xstream/xstream/1.4.9/xstream-1.4.9.jar:/Users/luisnavarro/.m2/repository/xmlpull/xmlpull/1.1.3.1/xmlpull-1.1.3.1.jar:/Users/luisnavarro/.m2/repository/xpp3/xpp3_min/1.1.4c/xpp3_min-1.1.4c.jar:/Users/luisnavarro/.m2/repository/com/webforj/webforj-html-elements/24.20/webforj-html-elements-24.20.jar:/Users/luisnavarro/.m2/repository/com/webforj/webforj-foundation/24.20/webforj-foundation-24.20.jar:/Users/luisnavarro/.m2/repository/com/webforj/webforj-engine/24.20/webforj-engine-24.20.jar:/Users/luisnavarro/.m2/repository/com/google/protobuf/protobuf-java/3.25.1/protobuf-java-3.25.1.jar:/Users/luisnavarro/.m2/repository/io/netty/netty-common/4.1.101.Final/netty-common-4.1.101.Final.jar:/Users/luisnavarro/.m2/repository/io/netty/netty-buffer/4.1.101.Final/netty-buffer-4.1.101.Final.jar:/Users/luisnavarro/.m2/repository/io/netty/netty-transport/4.1.101.Final/netty-transport-4.1.101.Final.jar:/Users/luisnavarro/.m2/repository/io/netty/netty-handler/4.1.101.Final/netty-handler-4.1.101.Final.jar:/Users/luisnavarro/.m2/repository/io/netty/netty-codec/4.1.101.Final/netty-codec-4.1.101.Final.jar:/Users/luisnavarro/.m2/repository/io/netty/netty-resolver/4.1.101.Final/netty-resolver-4.1.101.Final.jar:/Users/luisnavarro/.m2/repository/io/netty/netty-transport-native-unix-common/4.1.101.Final/netty-transport-native-unix-common-4.1.101.Final.jar:/Users/luisnavarro/.m2/repository/io/netty/netty-transport-classes-epoll/4.1.101.Final/netty-transport-classes-epoll-4.1.101.Final.jar:/Users/luisnavarro/.m2/repository/io/netty/netty-transport-native-epoll/4.1.101.Final/netty-transport-native-epoll-4.1.101.Final.jar:/Users/luisnavarro/.m2/repository/io/netty/netty-transport-classes-kqueue/4.1.101.Final/netty-transport-classes-kqueue-4.1.101.Final.jar:/Users/luisnavarro/.m2/repository/io/netty/netty-transport-native-kqueue/4.1.101.Final/netty-transport-native-kqueue-4.1.101.Final.jar:/Users/luisnavarro/.m2/repository/org/ow2/asm/asm-commons/9.6/asm-commons-9.6.jar:/Users/luisnavarro/.m2/repository/org/ow2/asm/asm-tree/9.6/asm-tree-9.6.jar:/Users/luisnavarro/.m2/repository/org/ow2/asm/asm-util/9.6/asm-util-9.6.jar:/Users/luisnavarro/.m2/repository/org/ow2/asm/asm-analysis/9.6/asm-analysis-9.6.jar:/Users/luisnavarro/.m2/repository/org/json/json/20240303/json-20240303.jar:/Users/luisnavarro/.m2/repository/org/gwtproject/gwt-user/2.11.0/gwt-user-2.11.0.jar:/Users/luisnavarro/.m2/repository/com/google/jsinterop/jsinterop-annotations/2.0.0/jsinterop-annotations-2.0.0.jar:/Users/luisnavarro/.m2/repository/javax/validation/validation-api/1.0.0.GA/validation-api-1.0.0.GA.jar:/Users/luisnavarro/.m2/repository/javax/validation/validation-api/1.0.0.GA/validation-api-1.0.0.GA-sources.jar:/Users/luisnavarro/.m2/repository/javax/servlet/javax.servlet-api/3.1.0/javax.servlet-api-3.1.0.jar:/Users/luisnavarro/.m2/repository/org/w3c/css/sac/1.3/sac-1.3.jar:/Users/luisnavarro/.m2/repository/io/prometheus/simpleclient/0.16.0/simpleclient-0.16.0.jar:/Users/luisnavarro/.m2/repository/io/prometheus/simpleclient_tracer_otel/0.16.0/simpleclient_tracer_otel-0.16.0.jar:/Users/luisnavarro/.m2/repository/io/prometheus/simpleclient_tracer_common/0.16.0/simpleclient_tracer_common-0.16.0.jar:/Users/luisnavarro/.m2/repository/io/prometheus/simpleclient_tracer_otel_agent/0.16.0/simpleclient_tracer_otel_agent-0.16.0.jar:/Users/luisnavarro/.m2/repository/org/eclipse/jetty/websocket/websocket-jetty-api/10.0.20/websocket-jetty-api-10.0.20.jar:/Users/luisnavarro/.m2/repository/org/apache/tika/tika-core/2.3.0/tika-core-2.3.0.jar:/Users/luisnavarro/.m2/repository/commons-fileupload/commons-fileupload/1.5/commons-fileupload-1.5.jar:/Users/luisnavarro/.m2/repository/com/webforj/webforj-dispatcher/24.20/webforj-dispatcher-24.20.jar:/Users/luisnavarro/.m2/repository/com/webforj/webforj-data/24.20/webforj-data-24.20.jar:/Users/luisnavarro/.m2/repository/io/github/classgraph/classgraph/4.8.176/classgraph-4.8.176.jar:/Users/luisnavarro/.m2/repository/com/typesafe/config/1.4.3/config-1.4.3.jar:/Users/luisnavarro/.m2/repository/org/junit/jupiter/junit-jupiter-engine/5.11.4/junit-jupiter-engine-5.11.4.jar:/Users/luisnavarro/.m2/repository/org/junit/jupiter/junit-jupiter/5.11.4/junit-jupiter-5.11.4.jar:/Users/luisnavarro/.m2/repository/org/junit/jupiter/junit-jupiter-params/5.11.4/junit-jupiter-params-5.11.4.jar:/Users/luisnavarro/.m2/repository/org/junit/jupiter/junit-jupiter-api/5.11.4/junit-jupiter-api-5.11.4.jar:/Users/luisnavarro/.m2/repository/org/assertj/assertj-core/3.26.3/assertj-core-3.26.3.jar:/Users/luisnavarro/.m2/repository/net/bytebuddy/byte-buddy/1.14.18/byte-buddy-1.14.18.jar:/Users/luisnavarro/.m2/repository/io/github/cdimascio/dotenv-java/3.1.0/dotenv-java-3.1.0.jar:/Users/luisnavarro/.m2/repository/org/junit/platform/junit-platform-suite-api/1.11.4/junit-platform-suite-api-1.11.4.jar:/Users/luisnavarro/.m2/repository/io/cucumber/cucumber-java/7.20.1/cucumber-java-7.20.1.jar:/Users/luisnavarro/.m2/repository/io/cucumber/cucumber-core/7.20.1/cucumber-core-7.20.1.jar:/Users/luisnavarro/.m2/repository/io/cucumber/cucumber-gherkin/7.20.1/cucumber-gherkin-7.20.1.jar:/Users/luisnavarro/.m2/repository/io/cucumber/cucumber-gherkin-messages/7.20.1/cucumber-gherkin-messages-7.20.1.jar:/Users/luisnavarro/.m2/repository/io/cucumber/testng-xml-formatter/0.2.0/testng-xml-formatter-0.2.0.jar:/Users/luisnavarro/.m2/repository/io/cucumber/query/12.2.0/query-12.2.0.jar:/Users/luisnavarro/.m2/repository/io/cucumber/tag-expressions/6.1.0/tag-expressions-6.1.0.jar:/Users/luisnavarro/.m2/repository/io/cucumber/cucumber-expressions/17.1.0/cucumber-expressions-17.1.0.jar:/Users/luisnavarro/.m2/repository/io/cucumber/datatable/7.20.1/datatable-7.20.1.jar:/Users/luisnavarro/.m2/repository/io/cucumber/cucumber-plugin/7.20.1/cucumber-plugin-7.20.1.jar:/Users/luisnavarro/.m2/repository/io/cucumber/docstring/7.20.1/docstring-7.20.1.jar:/Users/luisnavarro/.m2/repository/io/cucumber/html-formatter/21.7.0/html-formatter-21.7.0.jar:/Users/luisnavarro/.m2/repository/io/cucumber/junit-xml-formatter/0.5.0/junit-xml-formatter-0.5.0.jar:/Users/luisnavarro/.m2/repository/io/cucumber/ci-environment/10.0.1/ci-environment-10.0.1.jar:/Users/luisnavarro/.m2/repository/io/qameta/allure/allure-junit5/2.29.1/allure-junit5-2.29.1.jar:/Users/luisnavarro/.m2/repository/io/qameta/allure/allure-junit-platform/2.29.1/allure-junit-platform-2.29.1.jar:/Users/luisnavarro/.m2/repository/io/qameta/allure/allure-junit4/2.29.1/allure-junit4-2.29.1.jar:/Users/luisnavarro/.m2/repository/io/qameta/allure/allure-test-filter/2.29.1/allure-test-filter-2.29.1.jar:/Users/luisnavarro/.m2/repository/io/qameta/allure/allure-java-commons/2.29.1/allure-java-commons-2.29.1.jar:/Users/luisnavarro/.m2/repository/io/qameta/allure/allure-model/2.29.1/allure-model-2.29.1.jar:"/>
    <property name="sun.cpu.endian" value="little"/>
    <property name="user.home" value="/Users/luisnavarro"/>
    <property name="user.language" value="en"/>
    <property name="java.specification.vendor" value="Oracle Corporation"/>
    <property name="java.version.date" value="2025-07-15"/>
    <property name="java.home" value="/Library/Java/JavaVirtualMachines/jdk-24.jdk/Contents/Home"/>
    <property name="file.separator" value="/"/>
    <property name="basedir" value="/Users/luisnavarro/Library/CloudStorage/OneDrive-InstitutoSuperiorAutonomodeOccidenteA.C/DOCS_GRID/SELENIUM/SeleniumPageFactory"/>
    <property name="java.vm.compressedOopsMode" value="Zero based"/>
    <property name="line.separator" value="&#10;"/>
    <property name="java.vm.specification.vendor" value="Oracle Corporation"/>
    <property name="java.specification.name" value="Java Platform API Specification"/>
    <property name="apple.awt.application.name" value="ForkedBooter"/>
    <property name="surefire.real.class.path" value="/Users/luisnavarro/Library/CloudStorage/OneDrive-InstitutoSuperiorAutonomodeOccidenteA.C/DOCS_GRID/SELENIUM/SeleniumPageFactory/target/surefire/surefirebooter-20250805142935310_3.jar"/>
    <property name="sun.management.compiler" value="HotSpot 64-Bit Tiered Compilers"/>
    <property name="ftp.nonProxyHosts" value="local|*.local|169.254/16|*.169.254/16"/>
    <property name="java.runtime.version" value="24.0.2+12-54"/>
    <property name="user.name" value="luisnavarro"/>
    <property name="stdout.encoding" value="UTF-8"/>
    <property name="path.separator" value=":"/>
    <property name="os.version" value="15.5"/>
    <property name="java.runtime.name" value="Java(TM) SE Runtime Environment"/>
    <property name="file.encoding" value="/Users/luisnavarro/Library/CloudStorage/OneDrive-InstitutoSuperiorAutonomodeOccidenteA.C/DOCS_GRID/SELENIUM/SeleniumPageFactory/src/main/java"/>
    <property name="java.vm.name" value="Java HotSpot(TM) 64-Bit Server VM"/>
    <property name="localRepository" value="/Users/luisnavarro/.m2/repository"/>
    <property name="java.vendor.url.bug" value="https://bugreport.java.com/bugreport/"/>
    <property name="java.io.tmpdir" value="/var/folders/nx/g7zx87j545jcqpb755g_fwl00000gn/T/"/>
    <property name="java.version" value="24.0.2"/>
    <property name="user.dir" value="/Users/luisnavarro/Library/CloudStorage/OneDrive-InstitutoSuperiorAutonomodeOccidenteA.C/DOCS_GRID/SELENIUM/SeleniumPageFactory"/>
    <property name="os.arch" value="aarch64"/>
    <property name="java.vm.specification.name" value="Java Virtual Machine Specification"/>
    <property name="native.encoding" value="UTF-8"/>
    <property name="java.library.path" value="/Users/luisnavarro/Library/Java/Extensions:/Library/Java/Extensions:/Network/Library/Java/Extensions:/System/Library/Java/Extensions:/usr/lib/java:."/>
    <property name="java.vm.info" value="mixed mode, sharing"/>
    <property name="stderr.encoding" value="UTF-8"/>
    <property name="java.vendor" value="Oracle Corporation"/>
    <property name="java.vm.version" value="24.0.2+12-54"/>
    <property name="sun.io.unicode.encoding" value="UnicodeBig"/>
    <property name="socksNonProxyHosts" value="local|*.local|169.254/16|*.169.254/16"/>
    <property name="java.class.version" value="68.0"/>
  </properties>
  <testcase name="Create an account with a random generated email and accept terms" classname="Testing of login, user account creation and web scrapping of product research" time="8.631">
    <error message="Step [User creates an account] is defined with 2 parameters at &apos;CreateAccount.CreateAccountSteps.CreateAccount(java.lang.String,java.lang.String)&apos;.&#10;However, the gherkin step has 0 arguments.&#10;Step text: User creates an account" type="io.cucumber.core.exception.CucumberException"><![CDATA[io.cucumber.core.exception.CucumberException: 
Step [User creates an account] is defined with 2 parameters at 'CreateAccount.CreateAccountSteps.CreateAccount(java.lang.String,java.lang.String)'.
However, the gherkin step has 0 arguments.
Step text: User creates an account
	at io.cucumber.core.runner.PickleStepDefinitionMatch.arityMismatch(PickleStepDefinitionMatch.java:82)
	at io.cucumber.core.runner.PickleStepDefinitionMatch.runStep(PickleStepDefinitionMatch.java:41)
	at io.cucumber.core.runner.ExecutionMode$1.execute(ExecutionMode.java:10)
	at io.cucumber.core.runner.TestStep.executeStep(TestStep.java:81)
	at io.cucumber.core.runner.TestStep.run(TestStep.java:53)
	at io.cucumber.core.runner.PickleStepTestStep.run(PickleStepTestStep.java:51)
	at io.cucumber.core.runner.TestCase.run(TestCase.java:84)
	at io.cucumber.core.runner.Runner.runPickle(Runner.java:75)
	at io.cucumber.junit.PickleRunners$NoStepDescriptions.lambda$run$0(PickleRunners.java:151)
	at io.cucumber.core.runtime.CucumberExecutionContext.lambda$runTestCase$5(CucumberExecutionContext.java:136)
	at io.cucumber.core.runtime.RethrowingThrowableCollector.executeAndThrow(RethrowingThrowableCollector.java:23)
	at io.cucumber.core.runtime.CucumberExecutionContext.runTestCase(CucumberExecutionContext.java:136)
	at io.cucumber.junit.PickleRunners$NoStepDescriptions.run(PickleRunners.java:148)
	at io.cucumber.junit.FeatureRunner.runChild(FeatureRunner.java:144)
	at io.cucumber.junit.FeatureRunner.runChild(FeatureRunner.java:28)
	at org.junit.runners.ParentRunner$4.run(ParentRunner.java:331)
	at org.junit.runners.ParentRunner$1.schedule(ParentRunner.java:79)
	at org.junit.runners.ParentRunner.runChildren(ParentRunner.java:329)
	at org.junit.runners.ParentRunner.access$100(ParentRunner.java:66)
	at org.junit.runners.ParentRunner$2.evaluate(ParentRunner.java:293)
	at org.junit.runners.ParentRunner$3.evaluate(ParentRunner.java:306)
	at org.junit.runners.ParentRunner.run(ParentRunner.java:413)
	at io.cucumber.junit.FeatureRunner.run(FeatureRunner.java:137)
	at io.cucumber.junit.Cucumber.runChild(Cucumber.java:199)
	at io.cucumber.junit.Cucumber.runChild(Cucumber.java:89)
	at org.junit.runners.ParentRunner$4.run(ParentRunner.java:331)
	at org.junit.runners.ParentRunner$1.schedule(ParentRunner.java:79)
	at org.junit.runners.ParentRunner.runChildren(ParentRunner.java:329)
	at org.junit.runners.ParentRunner.access$100(ParentRunner.java:66)
	at org.junit.runners.ParentRunner$2.evaluate(ParentRunner.java:293)
	at io.cucumber.core.runtime.CucumberExecutionContext.lambda$runFeatures$6(CucumberExecutionContext.java:147)
	at io.cucumber.core.runtime.CucumberExecutionContext.execute(CucumberExecutionContext.java:162)
	at io.cucumber.core.runtime.CucumberExecutionContext.runFeatures(CucumberExecutionContext.java:145)
	at io.cucumber.junit.Cucumber$StartAndFinishTestRun.evaluate(Cucumber.java:229)
	at org.junit.runners.ParentRunner$3.evaluate(ParentRunner.java:306)
	at org.junit.runners.ParentRunner.run(ParentRunner.java:413)
	at org.apache.maven.surefire.junit4.JUnit4Provider.execute(JUnit4Provider.java:316)
	at org.apache.maven.surefire.junit4.JUnit4Provider.executeWithRerun(JUnit4Provider.java:240)
	at org.apache.maven.surefire.junit4.JUnit4Provider.executeTestSet(JUnit4Provider.java:214)
	at org.apache.maven.surefire.junit4.JUnit4Provider.invoke(JUnit4Provider.java:155)
	at org.apache.maven.surefire.booter.ForkedBooter.runSuitesInProcess(ForkedBooter.java:385)
	at org.apache.maven.surefire.booter.ForkedBooter.execute(ForkedBooter.java:162)
	at org.apache.maven.surefire.booter.ForkedBooter.run(ForkedBooter.java:507)
	at org.apache.maven.surefire.booter.ForkedBooter.main(ForkedBooter.java:495)
]]></error>
    <system-out><![CDATA[
@allure.story:CreateAccount @CreateAccount
Scenario: Create an account with a random generated email and accept terms # src/test/resources/features/ecommerce_test.feature:7
WebDriver successfully initialized: CHROME
  Given User access the main page                                          # Scenario.BaseTest.setUp()
  When User accepts the cookies                                            # BaseConfigElements.BaseSteps.acceptCookies()
No aparecio publicidad para cerrar
  And User closes publicity modal                                          # BaseConfigElements.BaseSteps.closeModal()
  And User creates an account                                              # CreateAccount.CreateAccountSteps.CreateAccount(java.lang.String,java.lang.String)
      io.cucumber.core.exception.CucumberException: Step [User creates an account] is defined with 2 parameters at 'CreateAccount.CreateAccountSteps.CreateAccount(java.lang.String,java.lang.String)'.
However, the gherkin step has 0 arguments.
Step text: User creates an account
	at io.cucumber.core.runner.PickleStepDefinitionMatch.arityMismatch(PickleStepDefinitionMatch.java:82)
	at io.cucumber.core.runner.PickleStepDefinitionMatch.runStep(PickleStepDefinitionMatch.java:41)
	at io.cucumber.core.runner.ExecutionMode$1.execute(ExecutionMode.java:10)
	at io.cucumber.core.runner.TestStep.executeStep(TestStep.java:81)
	at io.cucumber.core.runner.TestStep.run(TestStep.java:53)
	at io.cucumber.core.runner.PickleStepTestStep.run(PickleStepTestStep.java:51)
	at io.cucumber.core.runner.TestCase.run(TestCase.java:84)
	at io.cucumber.core.runner.Runner.runPickle(Runner.java:75)
	at io.cucumber.junit.PickleRunners$NoStepDescriptions.lambda$run$0(PickleRunners.java:151)
	at io.cucumber.core.runtime.CucumberExecutionContext.lambda$runTestCase$5(CucumberExecutionContext.java:136)
	at io.cucumber.core.runtime.RethrowingThrowableCollector.executeAndThrow(RethrowingThrowableCollector.java:23)
	at io.cucumber.core.runtime.CucumberExecutionContext.runTestCase(CucumberExecutionContext.java:136)
	at io.cucumber.junit.PickleRunners$NoStepDescriptions.run(PickleRunners.java:148)
	at io.cucumber.junit.FeatureRunner.runChild(FeatureRunner.java:144)
	at io.cucumber.junit.FeatureRunner.runChild(FeatureRunner.java:28)
	at org.junit.runners.ParentRunner$4.run(ParentRunner.java:331)
	at org.junit.runners.ParentRunner$1.schedule(ParentRunner.java:79)
	at org.junit.runners.ParentRunner.runChildren(ParentRunner.java:329)
	at org.junit.runners.ParentRunner.access$100(ParentRunner.java:66)
	at org.junit.runners.ParentRunner$2.evaluate(ParentRunner.java:293)
	at org.junit.runners.ParentRunner$3.evaluate(ParentRunner.java:306)
	at org.junit.runners.ParentRunner.run(ParentRunner.java:413)
	at io.cucumber.junit.FeatureRunner.run(FeatureRunner.java:137)
	at io.cucumber.junit.Cucumber.runChild(Cucumber.java:199)
	at io.cucumber.junit.Cucumber.runChild(Cucumber.java:89)
	at org.junit.runners.ParentRunner$4.run(ParentRunner.java:331)
	at org.junit.runners.ParentRunner$1.schedule(ParentRunner.java:79)
	at org.junit.runners.ParentRunner.runChildren(ParentRunner.java:329)
	at org.junit.runners.ParentRunner.access$100(ParentRunner.java:66)
	at org.junit.runners.ParentRunner$2.evaluate(ParentRunner.java:293)
	at io.cucumber.core.runtime.CucumberExecutionContext.lambda$runFeatures$6(CucumberExecutionContext.java:147)
	at io.cucumber.core.runtime.CucumberExecutionContext.execute(CucumberExecutionContext.java:162)
	at io.cucumber.core.runtime.CucumberExecutionContext.runFeatures(CucumberExecutionContext.java:145)
	at io.cucumber.junit.Cucumber$StartAndFinishTestRun.evaluate(Cucumber.java:229)
	at org.junit.runners.ParentRunner$3.evaluate(ParentRunner.java:306)
	at org.junit.runners.ParentRunner.run(ParentRunner.java:413)
	at org.apache.maven.surefire.junit4.JUnit4Provider.execute(JUnit4Provider.java:316)
	at org.apache.maven.surefire.junit4.JUnit4Provider.executeWithRerun(JUnit4Provider.java:240)
	at org.apache.maven.surefire.junit4.JUnit4Provider.executeTestSet(JUnit4Provider.java:214)
	at org.apache.maven.surefire.junit4.JUnit4Provider.invoke(JUnit4Provider.java:155)
	at org.apache.maven.surefire.booter.ForkedBooter.runSuitesInProcess(ForkedBooter.java:385)
	at org.apache.maven.surefire.booter.ForkedBooter.execute(ForkedBooter.java:162)
	at org.apache.maven.surefire.booter.ForkedBooter.run(ForkedBooter.java:507)
	at org.apache.maven.surefire.booter.ForkedBooter.main(ForkedBooter.java:495)

  Then User closes browser                                                 # Scenario.BaseTest.tearDown()
]]></system-out>
    <system-err><![CDATA[[main] INFO io.github.bonigarcia.wdm.WebDriverManager - Using chromedriver 138.0.7204.183 (resolved driver for Chrome 138)
[main] INFO io.github.bonigarcia.wdm.WebDriverManager - Exporting webdriver.chrome.driver as /Users/luisnavarro/.cache/selenium/chromedriver/mac-arm64/138.0.7204.183/chromedriver
Aug 05, 2025 2:29:37 PM org.openqa.selenium.devtools.CdpVersionFinder findNearestMatch
WARNING: Unable to find CDP implementation matching 138
Aug 05, 2025 2:29:37 PM org.openqa.selenium.chromium.ChromiumDriver lambda$new$5
WARNING: Unable to find version of CDP to use for 138.0.7204.184. You may need to include a dependency on a specific version of the CDP using something similar to `org.seleniumhq.selenium:selenium-devtools-v86:4.27.0` where the version ("v86") matches the version of the chromium-based browser you're using and the version number of the artifact is the same as Selenium's.
]]></system-err>
  </testcase>
  <testcase name="Log as a registered user and verify if user have access" classname="Testing of login, user account creation and web scrapping of product research" time="9.887">
    <error message="element click intercepted: Element &lt;a href=&quot;#&quot; class=&quot;clickable qa-show-sidetray-account sidetray-account&quot; tabindex=&quot;0&quot;&gt;...&lt;/a&gt; is not clickable at point (1549, 93). Other element would receive the click: &lt;div class=&quot;bloomreach-weblayer&quot;&gt;&lt;/div&gt;&#10;  (Session info: chrome=138.0.7204.184)&#10;Build info: version: &apos;4.27.0&apos;, revision: &apos;d6e718d134&apos;&#10;System info: os.name: &apos;Mac OS X&apos;, os.arch: &apos;aarch64&apos;, os.version: &apos;15.5&apos;, java.version: &apos;24.0.2&apos;&#10;Driver info: org.openqa.selenium.chrome.ChromeDriver&#10;Command: [daead3865b5ace971205ab01cb720fc3, clickElement {id=f.D2283A0B97168AA9135D26236236BB1A.d.8A4D224670F7F086BB889FEE671D7558.e.84}]&#10;Capabilities {acceptInsecureCerts: false, browserName: chrome, browserVersion: 138.0.7204.184, chrome: {chromedriverVersion: 138.0.7204.183 (e90faf484dd..., userDataDir: /var/folders/nx/g7zx87j545j...}, fedcm:accounts: true, goog:chromeOptions: {debuggerAddress: localhost:57437}, networkConnectionEnabled: false, pageLoadStrategy: normal, platformName: mac, proxy: Proxy(), se:cdp: ws://localhost:57437/devtoo..., se:cdpVersion: 138.0.7204.184, setWindowRect: true, strictFileInteractability: false, timeouts: {implicit: 0, pageLoad: 300000, script: 30000}, unhandledPromptBehavior: dismiss and notify, webauthn:extension:credBlob: true, webauthn:extension:largeBlob: true, webauthn:extension:minPinLength: true, webauthn:extension:prf: true, webauthn:virtualAuthenticators: true}&#10;Element: [[ChromeDriver: chrome on mac (daead3865b5ace971205ab01cb720fc3)] -&gt; xpath: //a[@class=&apos;clickable qa-show-sidetray-account sidetray-account&apos;]]&#10;Session ID: daead3865b5ace971205ab01cb720fc3" type="org.openqa.selenium.ElementClickInterceptedException"><![CDATA[org.openqa.selenium.ElementClickInterceptedException: 
element click intercepted: Element <a href="#" class="clickable qa-show-sidetray-account sidetray-account" tabindex="0">...</a> is not clickable at point (1549, 93). Other element would receive the click: <div class="bloomreach-weblayer"></div>
  (Session info: chrome=138.0.7204.184)
Build info: version: '4.27.0', revision: 'd6e718d134'
System info: os.name: 'Mac OS X', os.arch: 'aarch64', os.version: '15.5', java.version: '24.0.2'
Driver info: org.openqa.selenium.chrome.ChromeDriver
Command: [daead3865b5ace971205ab01cb720fc3, clickElement {id=f.D2283A0B97168AA9135D26236236BB1A.d.8A4D224670F7F086BB889FEE671D7558.e.84}]
Capabilities {acceptInsecureCerts: false, browserName: chrome, browserVersion: 138.0.7204.184, chrome: {chromedriverVersion: 138.0.7204.183 (e90faf484dd..., userDataDir: /var/folders/nx/g7zx87j545j...}, fedcm:accounts: true, goog:chromeOptions: {debuggerAddress: localhost:57437}, networkConnectionEnabled: false, pageLoadStrategy: normal, platformName: mac, proxy: Proxy(), se:cdp: ws://localhost:57437/devtoo..., se:cdpVersion: 138.0.7204.184, setWindowRect: true, strictFileInteractability: false, timeouts: {implicit: 0, pageLoad: 300000, script: 30000}, unhandledPromptBehavior: dismiss and notify, webauthn:extension:credBlob: true, webauthn:extension:largeBlob: true, webauthn:extension:minPinLength: true, webauthn:extension:prf: true, webauthn:virtualAuthenticators: true}
Element: [[ChromeDriver: chrome on mac (daead3865b5ace971205ab01cb720fc3)] -> xpath: //a[@class='clickable qa-show-sidetray-account sidetray-account']]
Session ID: daead3865b5ace971205ab01cb720fc3
	at java.base/jdk.internal.reflect.DirectConstructorHandleAccessor.newInstance(DirectConstructorHandleAccessor.java:62)
	at java.base/java.lang.reflect.Constructor.newInstanceWithCaller(Constructor.java:499)
	at java.base/java.lang.reflect.Constructor.newInstance(Constructor.java:483)
	at org.openqa.selenium.remote.ErrorCodec.decode(ErrorCodec.java:167)
	at org.openqa.selenium.remote.codec.w3c.W3CHttpResponseCodec.decode(W3CHttpResponseCodec.java:138)
	at org.openqa.selenium.remote.codec.w3c.W3CHttpResponseCodec.decode(W3CHttpResponseCodec.java:50)
	at org.openqa.selenium.remote.HttpCommandExecutor.execute(HttpCommandExecutor.java:190)
	at org.openqa.selenium.remote.service.DriverCommandExecutor.invokeExecute(DriverCommandExecutor.java:216)
	at org.openqa.selenium.remote.service.DriverCommandExecutor.execute(DriverCommandExecutor.java:174)
	at org.openqa.selenium.remote.RemoteWebDriver.execute(RemoteWebDriver.java:545)
	at org.openqa.selenium.remote.RemoteWebElement.execute(RemoteWebElement.java:223)
	at org.openqa.selenium.remote.RemoteWebElement.click(RemoteWebElement.java:76)
	at Login.LoginSteps.LogCredentials(LoginSteps.java:20)
	at ✽.User enters and logs credentials with email: "xluismariox@gmail.com" and password: "test121@"(file:///Users/luisnavarro/Library/CloudStorage/OneDrive-InstitutoSuperiorAutonomodeOccidenteA.C/DOCS_GRID/SELENIUM/SeleniumPageFactory/src/test/resources/features/ecommerce_test.feature:21)
]]></error>
    <system-out><![CDATA[
@allure.story:LogIn @LogIn
Scenario: Log as a registered user and verify if user have access                                   # src/test/resources/features/ecommerce_test.feature:17
Webdriver initialized
WebDriver successfully initialized: CHROME
  Given User access the main page                                                                   # Scenario.BaseTest.setUp()
  When User accepts the cookies                                                                     # BaseConfigElements.BaseSteps.acceptCookies()
No aparecio publicidad para cerrar
  And User closes publicity modal                                                                   # BaseConfigElements.BaseSteps.closeModal()
  And User enters and logs credentials with email: "xluismariox@gmail.com" and password: "test121@" # Login.LoginSteps.LogCredentials(java.lang.String,java.lang.String)
      org.openqa.selenium.ElementClickInterceptedException: element click intercepted: Element <a href="#" class="clickable qa-show-sidetray-account sidetray-account" tabindex="0">...</a> is not clickable at point (1549, 93). Other element would receive the click: <div class="bloomreach-weblayer"></div>
  (Session info: chrome=138.0.7204.184)
Build info: version: '4.27.0', revision: 'd6e718d134'
System info: os.name: 'Mac OS X', os.arch: 'aarch64', os.version: '15.5', java.version: '24.0.2'
Driver info: org.openqa.selenium.chrome.ChromeDriver
Command: [daead3865b5ace971205ab01cb720fc3, clickElement {id=f.D2283A0B97168AA9135D26236236BB1A.d.8A4D224670F7F086BB889FEE671D7558.e.84}]
Capabilities {acceptInsecureCerts: false, browserName: chrome, browserVersion: 138.0.7204.184, chrome: {chromedriverVersion: 138.0.7204.183 (e90faf484dd..., userDataDir: /var/folders/nx/g7zx87j545j...}, fedcm:accounts: true, goog:chromeOptions: {debuggerAddress: localhost:57437}, networkConnectionEnabled: false, pageLoadStrategy: normal, platformName: mac, proxy: Proxy(), se:cdp: ws://localhost:57437/devtoo..., se:cdpVersion: 138.0.7204.184, setWindowRect: true, strictFileInteractability: false, timeouts: {implicit: 0, pageLoad: 300000, script: 30000}, unhandledPromptBehavior: dismiss and notify, webauthn:extension:credBlob: true, webauthn:extension:largeBlob: true, webauthn:extension:minPinLength: true, webauthn:extension:prf: true, webauthn:virtualAuthenticators: true}
Element: [[ChromeDriver: chrome on mac (daead3865b5ace971205ab01cb720fc3)] -> xpath: //a[@class='clickable qa-show-sidetray-account sidetray-account']]
Session ID: daead3865b5ace971205ab01cb720fc3
	at java.base/jdk.internal.reflect.DirectConstructorHandleAccessor.newInstance(DirectConstructorHandleAccessor.java:62)
	at java.base/java.lang.reflect.Constructor.newInstanceWithCaller(Constructor.java:499)
	at java.base/java.lang.reflect.Constructor.newInstance(Constructor.java:483)
	at org.openqa.selenium.remote.ErrorCodec.decode(ErrorCodec.java:167)
	at org.openqa.selenium.remote.codec.w3c.W3CHttpResponseCodec.decode(W3CHttpResponseCodec.java:138)
	at org.openqa.selenium.remote.codec.w3c.W3CHttpResponseCodec.decode(W3CHttpResponseCodec.java:50)
	at org.openqa.selenium.remote.HttpCommandExecutor.execute(HttpCommandExecutor.java:190)
	at org.openqa.selenium.remote.service.DriverCommandExecutor.invokeExecute(DriverCommandExecutor.java:216)
	at org.openqa.selenium.remote.service.DriverCommandExecutor.execute(DriverCommandExecutor.java:174)
	at org.openqa.selenium.remote.RemoteWebDriver.execute(RemoteWebDriver.java:545)
	at org.openqa.selenium.remote.RemoteWebElement.execute(RemoteWebElement.java:223)
	at org.openqa.selenium.remote.RemoteWebElement.click(RemoteWebElement.java:76)
	at Login.LoginSteps.LogCredentials(LoginSteps.java:20)
	at ✽.User enters and logs credentials with email: "xluismariox@gmail.com" and password: "test121@"(file:///Users/luisnavarro/Library/CloudStorage/OneDrive-InstitutoSuperiorAutonomodeOccidenteA.C/DOCS_GRID/SELENIUM/SeleniumPageFactory/src/test/resources/features/ecommerce_test.feature:21)

  Then User closes browser                                                                          # Scenario.BaseTest.tearDown()
]]></system-out>
    <system-err><![CDATA[[main] INFO io.github.bonigarcia.wdm.WebDriverManager - Using chromedriver 138.0.7204.183 (resolved driver for Chrome 138)
[main] INFO io.github.bonigarcia.wdm.WebDriverManager - Exporting webdriver.chrome.driver as /Users/luisnavarro/.cache/selenium/chromedriver/mac-arm64/138.0.7204.183/chromedriver
Aug 05, 2025 2:29:45 PM org.openqa.selenium.devtools.CdpVersionFinder findNearestMatch
WARNING: Unable to find CDP implementation matching 138
Aug 05, 2025 2:29:45 PM org.openqa.selenium.chromium.ChromiumDriver lambda$new$5
WARNING: Unable to find version of CDP to use for 138.0.7204.184. You may need to include a dependency on a specific version of the CDP using something similar to `org.seleniumhq.selenium:selenium-devtools-v86:4.27.0` where the version ("v86") matches the version of the chromium-based browser you're using and the version number of the artifact is the same as Selenium's.
]]></system-err>
  </testcase>
  <testcase name="Create a new account and then log in with the new account" classname="Testing of login, user account creation and web scrapping of product research" time="17.336">
    <error message="element click intercepted: Element &lt;a href=&quot;#&quot; class=&quot;clickable qa-show-sidetray-account sidetray-account&quot; tabindex=&quot;0&quot;&gt;...&lt;/a&gt; is not clickable at point (1556, 93). Other element would receive the click: &lt;div class=&quot;bloomreach-weblayer&quot;&gt;&lt;/div&gt;&#10;  (Session info: chrome=138.0.7204.184)&#10;Build info: version: &apos;4.27.0&apos;, revision: &apos;d6e718d134&apos;&#10;System info: os.name: &apos;Mac OS X&apos;, os.arch: &apos;aarch64&apos;, os.version: &apos;15.5&apos;, java.version: &apos;24.0.2&apos;&#10;Driver info: org.openqa.selenium.chrome.ChromeDriver&#10;Command: [6e1c36688de0d6a3235dc9cc07f7f2b6, clickElement {id=f.835185B54D0A0B7FC0106C79047A2557.d.C5A1D8373384C1AAD543AD2D0322E109.e.84}]&#10;Capabilities {acceptInsecureCerts: false, browserName: chrome, browserVersion: 138.0.7204.184, chrome: {chromedriverVersion: 138.0.7204.183 (e90faf484dd..., userDataDir: /var/folders/nx/g7zx87j545j...}, fedcm:accounts: true, goog:chromeOptions: {debuggerAddress: localhost:57656}, networkConnectionEnabled: false, pageLoadStrategy: normal, platformName: mac, proxy: Proxy(), se:cdp: ws://localhost:57656/devtoo..., se:cdpVersion: 138.0.7204.184, setWindowRect: true, strictFileInteractability: false, timeouts: {implicit: 0, pageLoad: 300000, script: 30000}, unhandledPromptBehavior: dismiss and notify, webauthn:extension:credBlob: true, webauthn:extension:largeBlob: true, webauthn:extension:minPinLength: true, webauthn:extension:prf: true, webauthn:virtualAuthenticators: true}&#10;Element: [[ChromeDriver: chrome on mac (6e1c36688de0d6a3235dc9cc07f7f2b6)] -&gt; xpath: //a[@class=&apos;clickable qa-show-sidetray-account sidetray-account&apos;]]&#10;Session ID: 6e1c36688de0d6a3235dc9cc07f7f2b6" type="org.openqa.selenium.ElementClickInterceptedException"><![CDATA[org.openqa.selenium.ElementClickInterceptedException: 
element click intercepted: Element <a href="#" class="clickable qa-show-sidetray-account sidetray-account" tabindex="0">...</a> is not clickable at point (1556, 93). Other element would receive the click: <div class="bloomreach-weblayer"></div>
  (Session info: chrome=138.0.7204.184)
Build info: version: '4.27.0', revision: 'd6e718d134'
System info: os.name: 'Mac OS X', os.arch: 'aarch64', os.version: '15.5', java.version: '24.0.2'
Driver info: org.openqa.selenium.chrome.ChromeDriver
Command: [6e1c36688de0d6a3235dc9cc07f7f2b6, clickElement {id=f.835185B54D0A0B7FC0106C79047A2557.d.C5A1D8373384C1AAD543AD2D0322E109.e.84}]
Capabilities {acceptInsecureCerts: false, browserName: chrome, browserVersion: 138.0.7204.184, chrome: {chromedriverVersion: 138.0.7204.183 (e90faf484dd..., userDataDir: /var/folders/nx/g7zx87j545j...}, fedcm:accounts: true, goog:chromeOptions: {debuggerAddress: localhost:57656}, networkConnectionEnabled: false, pageLoadStrategy: normal, platformName: mac, proxy: Proxy(), se:cdp: ws://localhost:57656/devtoo..., se:cdpVersion: 138.0.7204.184, setWindowRect: true, strictFileInteractability: false, timeouts: {implicit: 0, pageLoad: 300000, script: 30000}, unhandledPromptBehavior: dismiss and notify, webauthn:extension:credBlob: true, webauthn:extension:largeBlob: true, webauthn:extension:minPinLength: true, webauthn:extension:prf: true, webauthn:virtualAuthenticators: true}
Element: [[ChromeDriver: chrome on mac (6e1c36688de0d6a3235dc9cc07f7f2b6)] -> xpath: //a[@class='clickable qa-show-sidetray-account sidetray-account']]
Session ID: 6e1c36688de0d6a3235dc9cc07f7f2b6
	at java.base/jdk.internal.reflect.DirectConstructorHandleAccessor.newInstance(DirectConstructorHandleAccessor.java:62)
	at java.base/java.lang.reflect.Constructor.newInstanceWithCaller(Constructor.java:499)
	at java.base/java.lang.reflect.Constructor.newInstance(Constructor.java:483)
	at org.openqa.selenium.remote.ErrorCodec.decode(ErrorCodec.java:167)
	at org.openqa.selenium.remote.codec.w3c.W3CHttpResponseCodec.decode(W3CHttpResponseCodec.java:138)
	at org.openqa.selenium.remote.codec.w3c.W3CHttpResponseCodec.decode(W3CHttpResponseCodec.java:50)
	at org.openqa.selenium.remote.HttpCommandExecutor.execute(HttpCommandExecutor.java:190)
	at org.openqa.selenium.remote.service.DriverCommandExecutor.invokeExecute(DriverCommandExecutor.java:216)
	at org.openqa.selenium.remote.service.DriverCommandExecutor.execute(DriverCommandExecutor.java:174)
	at org.openqa.selenium.remote.RemoteWebDriver.execute(RemoteWebDriver.java:545)
	at org.openqa.selenium.remote.RemoteWebElement.execute(RemoteWebElement.java:223)
	at org.openqa.selenium.remote.RemoteWebElement.click(RemoteWebElement.java:76)
	at CreateAccount.CreateAccountSteps.CreateAccount(CreateAccountSteps.java:22)
	at Scenario.ScenarioContextTest.testScenarioAccountCreation(ScenarioContextTest.java:44)
	at ✽.User creates and logs in with a new account(file:///Users/luisnavarro/Library/CloudStorage/OneDrive-InstitutoSuperiorAutonomodeOccidenteA.C/DOCS_GRID/SELENIUM/SeleniumPageFactory/src/test/resources/features/ecommerce_test.feature:31)
]]></error>
    <system-out><![CDATA[
@allure.story:CreateAccountAndLogIn @CreateAccountAndLogIn
Scenario: Create a new account and then log in with the new account # src/test/resources/features/ecommerce_test.feature:27
Webdriver initialized
WebDriver successfully initialized: CHROME
  Given User access the main page                                   # Scenario.BaseTest.setUp()
  When User accepts the cookies                                     # BaseConfigElements.BaseSteps.acceptCookies()
No aparecio publicidad para cerrar
  And User closes publicity modal                                   # BaseConfigElements.BaseSteps.closeModal()
Webdriver initialized
WebDriver successfully initialized: CHROME
No aparecio publicidad para cerrar
  And User creates and logs in with a new account                   # Scenario.ScenarioContextTest.testScenarioAccountCreation()
      org.openqa.selenium.ElementClickInterceptedException: element click intercepted: Element <a href="#" class="clickable qa-show-sidetray-account sidetray-account" tabindex="0">...</a> is not clickable at point (1556, 93). Other element would receive the click: <div class="bloomreach-weblayer"></div>
  (Session info: chrome=138.0.7204.184)
Build info: version: '4.27.0', revision: 'd6e718d134'
System info: os.name: 'Mac OS X', os.arch: 'aarch64', os.version: '15.5', java.version: '24.0.2'
Driver info: org.openqa.selenium.chrome.ChromeDriver
Command: [6e1c36688de0d6a3235dc9cc07f7f2b6, clickElement {id=f.835185B54D0A0B7FC0106C79047A2557.d.C5A1D8373384C1AAD543AD2D0322E109.e.84}]
Capabilities {acceptInsecureCerts: false, browserName: chrome, browserVersion: 138.0.7204.184, chrome: {chromedriverVersion: 138.0.7204.183 (e90faf484dd..., userDataDir: /var/folders/nx/g7zx87j545j...}, fedcm:accounts: true, goog:chromeOptions: {debuggerAddress: localhost:57656}, networkConnectionEnabled: false, pageLoadStrategy: normal, platformName: mac, proxy: Proxy(), se:cdp: ws://localhost:57656/devtoo..., se:cdpVersion: 138.0.7204.184, setWindowRect: true, strictFileInteractability: false, timeouts: {implicit: 0, pageLoad: 300000, script: 30000}, unhandledPromptBehavior: dismiss and notify, webauthn:extension:credBlob: true, webauthn:extension:largeBlob: true, webauthn:extension:minPinLength: true, webauthn:extension:prf: true, webauthn:virtualAuthenticators: true}
Element: [[ChromeDriver: chrome on mac (6e1c36688de0d6a3235dc9cc07f7f2b6)] -> xpath: //a[@class='clickable qa-show-sidetray-account sidetray-account']]
Session ID: 6e1c36688de0d6a3235dc9cc07f7f2b6
	at java.base/jdk.internal.reflect.DirectConstructorHandleAccessor.newInstance(DirectConstructorHandleAccessor.java:62)
	at java.base/java.lang.reflect.Constructor.newInstanceWithCaller(Constructor.java:499)
	at java.base/java.lang.reflect.Constructor.newInstance(Constructor.java:483)
	at org.openqa.selenium.remote.ErrorCodec.decode(ErrorCodec.java:167)
	at org.openqa.selenium.remote.codec.w3c.W3CHttpResponseCodec.decode(W3CHttpResponseCodec.java:138)
	at org.openqa.selenium.remote.codec.w3c.W3CHttpResponseCodec.decode(W3CHttpResponseCodec.java:50)
	at org.openqa.selenium.remote.HttpCommandExecutor.execute(HttpCommandExecutor.java:190)
	at org.openqa.selenium.remote.service.DriverCommandExecutor.invokeExecute(DriverCommandExecutor.java:216)
	at org.openqa.selenium.remote.service.DriverCommandExecutor.execute(DriverCommandExecutor.java:174)
	at org.openqa.selenium.remote.RemoteWebDriver.execute(RemoteWebDriver.java:545)
	at org.openqa.selenium.remote.RemoteWebElement.execute(RemoteWebElement.java:223)
	at org.openqa.selenium.remote.RemoteWebElement.click(RemoteWebElement.java:76)
	at CreateAccount.CreateAccountSteps.CreateAccount(CreateAccountSteps.java:22)
	at Scenario.ScenarioContextTest.testScenarioAccountCreation(ScenarioContextTest.java:44)
	at ✽.User creates and logs in with a new account(file:///Users/luisnavarro/Library/CloudStorage/OneDrive-InstitutoSuperiorAutonomodeOccidenteA.C/DOCS_GRID/SELENIUM/SeleniumPageFactory/src/test/resources/features/ecommerce_test.feature:31)

  Then User closes browser                                          # Scenario.BaseTest.tearDown()
]]></system-out>
    <system-err><![CDATA[[main] INFO io.github.bonigarcia.wdm.WebDriverManager - Using chromedriver 138.0.7204.183 (resolved driver for Chrome 138)
[main] INFO io.github.bonigarcia.wdm.WebDriverManager - Exporting webdriver.chrome.driver as /Users/luisnavarro/.cache/selenium/chromedriver/mac-arm64/138.0.7204.183/chromedriver
Aug 05, 2025 2:29:55 PM org.openqa.selenium.devtools.CdpVersionFinder findNearestMatch
WARNING: Unable to find CDP implementation matching 138
Aug 05, 2025 2:29:55 PM org.openqa.selenium.chromium.ChromiumDriver lambda$new$5
WARNING: Unable to find version of CDP to use for 138.0.7204.184. You may need to include a dependency on a specific version of the CDP using something similar to `org.seleniumhq.selenium:selenium-devtools-v86:4.27.0` where the version ("v86") matches the version of the chromium-based browser you're using and the version number of the artifact is the same as Selenium's.
[main] INFO io.github.bonigarcia.wdm.WebDriverManager - Using chromedriver 138.0.7204.183 (resolved driver for Chrome 138)
[main] INFO io.github.bonigarcia.wdm.WebDriverManager - Exporting webdriver.chrome.driver as /Users/luisnavarro/.cache/selenium/chromedriver/mac-arm64/138.0.7204.183/chromedriver
Aug 05, 2025 2:30:02 PM org.openqa.selenium.devtools.CdpVersionFinder findNearestMatch
WARNING: Unable to find CDP implementation matching 138
Aug 05, 2025 2:30:02 PM org.openqa.selenium.chromium.ChromiumDriver lambda$new$5
WARNING: Unable to find version of CDP to use for 138.0.7204.184. You may need to include a dependency on a specific version of the CDP using something similar to `org.seleniumhq.selenium:selenium-devtools-v86:4.27.0` where the version ("v86") matches the version of the chromium-based browser you're using and the version number of the artifact is the same as Selenium's.
]]></system-err>
  </testcase>
  <testcase name="Open the page and search for a specific product, collect all the results obtained and prices" classname="Testing of login, user account creation and web scrapping of product research" time="14.082">
    <system-out><![CDATA[
@allure.story:SearchProduct @SearchProduct
Scenario: Open the page and search for a specific product, collect all the results obtained and prices # src/test/resources/features/ecommerce_test.feature:37
Webdriver initialized
WebDriver successfully initialized: CHROME
  Given User access the main page                                                                      # Scenario.BaseTest.setUp()
  When User accepts the cookies                                                                        # BaseConfigElements.BaseSteps.acceptCookies()
No aparecio publicidad para cerrar
  And User closes publicity modal                                                                      # BaseConfigElements.BaseSteps.closeModal()
Se encontraron 60 productos.
Se encontraron 60 productos:
AE Studded Luxe Platform Clog - $44.95
AE Strappy Espadrille Sandal - $44.95
AE Luxe Platform Clog - $39.95
No se pudo convertir el precio: 
 - 
No se pudo convertir el precio: 
 - 
No se pudo convertir el precio: 
 - 
No se pudo convertir el precio: 
 - 
No se pudo convertir el precio: 
 - 
No se pudo convertir el precio: 
 - 
No se pudo convertir el precio: 
 - 
No se pudo convertir el precio: 
 - 
No se pudo convertir el precio: 
 - 
No se pudo convertir el precio: 
 - 
No se pudo convertir el precio: 
 - 
No se pudo convertir el precio: 
 - 
No se pudo convertir el precio: 
 - 
No se pudo convertir el precio: 
 - 
AE Retro Runner Sneaker - $44.95
AE Leopard Mary Jane Flat - $34.95
AE Studded Luxe Platform Clog - $44.95
New Balance 530 Sneaker - $99.99
Converse Chuck Taylor All Star Low-Top Sneaker - $60.00
AE Studded Slide Platform Clog - $49.95
Dr. Martens Zebzag Suede Slingback Mule - $130.00
AE EVA Flip Flop - $9.95
AE Raffia Fisherman Sandal - $39.95
AE Raffia Buckle Slide Sandal - $34.95
Converse Chuck Taylor All Star Platform Lift High-Top Sneaker - $75.00
AE Retro Runner Sneaker - $44.95
AE Bow Lace-Up Kitten Heels - $39.95
AE Studded Buckle Clog - $39.95
AE Vegan Leather Chelsea Boot - $59.95
AE Square Toe Mule - $39.95
Birkenstock Women's Arizona Sandal - $117.95
AE Double Buckle Slide Sandal - $44.95
Birkenstock Women's Arizona EVA Sandal - $49.95
AE Studded Double Buckle Sandal - $44.95
AE Western Ankle Strap Sandal - $34.95
AE Strappy Espadrille Sandal - $44.95
New Balance Women's 9060 Sneaker - $149.99
AE Mesh Lace-Up Espadrille - $39.95
AE Faux Suede Retro Sneaker - $44.95
AE Slouchy Cowboy Boot - $59.95
AE Moto Bootie - $59.95
AE Spooky Bow Scuff Slipper - $39.95
Birkenstock Women's Arizona Sandal - $117.95
AE Snoopy Pumpkin Scuff Slipper - $39.95
AE Strappy Raffia Sandal - $39.95
AE Ankle Strap Espadrille Sandal - $34.95
Birkenstock Women's Arizona Sandal - $150.00
Gola Badminton Sneaker - $80.00
New Balance Women's 327 Sneaker - $99.99
New Balance 550 Sneaker - $109.99
Birkenstock Women's Mayari Sandal - $112.95
AE Woven Twist Side Sandal - $39.95
New Balance 574 Sneaker - $89.99
AE Leopard Mesh Ballet Flat - $34.95
AE Flatform Gladiator Espadrille Sandal - $39.95
Aerie Crochet Ballet Flats - $39.95
Birkenstock Women's Arizona EVA Sandal - $49.95

Resumen:
Total de productos encontrados: 60
Suma total de precios: $2792.15
  And User search and looks for the product models and prices of "Shoes"                               # SearchProducts.SearchProductSteps.searchProduct(java.lang.String)
Browser closed.
  Then User closes browser                                                                             # Scenario.BaseTest.tearDown()
]]></system-out>
    <system-err><![CDATA[[main] INFO io.github.bonigarcia.wdm.WebDriverManager - Using chromedriver 138.0.7204.183 (resolved driver for Chrome 138)
[main] INFO io.github.bonigarcia.wdm.WebDriverManager - Exporting webdriver.chrome.driver as /Users/luisnavarro/.cache/selenium/chromedriver/mac-arm64/138.0.7204.183/chromedriver
Aug 05, 2025 2:30:12 PM org.openqa.selenium.devtools.CdpVersionFinder findNearestMatch
WARNING: Unable to find CDP implementation matching 138
Aug 05, 2025 2:30:12 PM org.openqa.selenium.chromium.ChromiumDriver lambda$new$5
WARNING: Unable to find version of CDP to use for 138.0.7204.184. You may need to include a dependency on a specific version of the CDP using something similar to `org.seleniumhq.selenium:selenium-devtools-v86:4.27.0` where the version ("v86") matches the version of the chromium-based browser you're using and the version number of the artifact is the same as Selenium's.
]]></system-err>
  </testcase>
  <testcase name="Verify main page functionality" classname="Testing of login, user account creation and web scrapping of product research" time="6.928">
    <error message="element click intercepted: Element &lt;a href=&quot;#&quot; class=&quot;clickable qa-show-sidetray-account sidetray-account&quot; tabindex=&quot;0&quot;&gt;...&lt;/a&gt; is not clickable at point (1556, 93). Other element would receive the click: &lt;div class=&quot;bloomreach-weblayer&quot;&gt;&lt;/div&gt;&#10;  (Session info: chrome=138.0.7204.184)&#10;Build info: version: &apos;4.27.0&apos;, revision: &apos;d6e718d134&apos;&#10;System info: os.name: &apos;Mac OS X&apos;, os.arch: &apos;aarch64&apos;, os.version: &apos;15.5&apos;, java.version: &apos;24.0.2&apos;&#10;Driver info: org.openqa.selenium.chrome.ChromeDriver&#10;Command: [e15c54204dab02a0b8c83bbb275b1fb1, clickElement {id=f.2AB4DC6B2671192AD98D9E217FBB0BB8.d.95912CB81F7BD7CA45048E8396023A49.e.84}]&#10;Capabilities {acceptInsecureCerts: false, browserName: chrome, browserVersion: 138.0.7204.184, chrome: {chromedriverVersion: 138.0.7204.183 (e90faf484dd..., userDataDir: /var/folders/nx/g7zx87j545j...}, fedcm:accounts: true, goog:chromeOptions: {debuggerAddress: localhost:57910}, networkConnectionEnabled: false, pageLoadStrategy: normal, platformName: mac, proxy: Proxy(), se:cdp: ws://localhost:57910/devtoo..., se:cdpVersion: 138.0.7204.184, setWindowRect: true, strictFileInteractability: false, timeouts: {implicit: 0, pageLoad: 300000, script: 30000}, unhandledPromptBehavior: dismiss and notify, webauthn:extension:credBlob: true, webauthn:extension:largeBlob: true, webauthn:extension:minPinLength: true, webauthn:extension:prf: true, webauthn:virtualAuthenticators: true}&#10;Element: [[ChromeDriver: chrome on mac (e15c54204dab02a0b8c83bbb275b1fb1)] -&gt; xpath: //a[@class =&apos;clickable qa-show-sidetray-account sidetray-account&apos;]]&#10;Session ID: e15c54204dab02a0b8c83bbb275b1fb1" type="org.openqa.selenium.ElementClickInterceptedException"><![CDATA[org.openqa.selenium.ElementClickInterceptedException: 
element click intercepted: Element <a href="#" class="clickable qa-show-sidetray-account sidetray-account" tabindex="0">...</a> is not clickable at point (1556, 93). Other element would receive the click: <div class="bloomreach-weblayer"></div>
  (Session info: chrome=138.0.7204.184)
Build info: version: '4.27.0', revision: 'd6e718d134'
System info: os.name: 'Mac OS X', os.arch: 'aarch64', os.version: '15.5', java.version: '24.0.2'
Driver info: org.openqa.selenium.chrome.ChromeDriver
Command: [e15c54204dab02a0b8c83bbb275b1fb1, clickElement {id=f.2AB4DC6B2671192AD98D9E217FBB0BB8.d.95912CB81F7BD7CA45048E8396023A49.e.84}]
Capabilities {acceptInsecureCerts: false, browserName: chrome, browserVersion: 138.0.7204.184, chrome: {chromedriverVersion: 138.0.7204.183 (e90faf484dd..., userDataDir: /var/folders/nx/g7zx87j545j...}, fedcm:accounts: true, goog:chromeOptions: {debuggerAddress: localhost:57910}, networkConnectionEnabled: false, pageLoadStrategy: normal, platformName: mac, proxy: Proxy(), se:cdp: ws://localhost:57910/devtoo..., se:cdpVersion: 138.0.7204.184, setWindowRect: true, strictFileInteractability: false, timeouts: {implicit: 0, pageLoad: 300000, script: 30000}, unhandledPromptBehavior: dismiss and notify, webauthn:extension:credBlob: true, webauthn:extension:largeBlob: true, webauthn:extension:minPinLength: true, webauthn:extension:prf: true, webauthn:virtualAuthenticators: true}
Element: [[ChromeDriver: chrome on mac (e15c54204dab02a0b8c83bbb275b1fb1)] -> xpath: //a[@class ='clickable qa-show-sidetray-account sidetray-account']]
Session ID: e15c54204dab02a0b8c83bbb275b1fb1
	at java.base/jdk.internal.reflect.DirectConstructorHandleAccessor.newInstance(DirectConstructorHandleAccessor.java:62)
	at java.base/java.lang.reflect.Constructor.newInstanceWithCaller(Constructor.java:499)
	at java.base/java.lang.reflect.Constructor.newInstance(Constructor.java:483)
	at org.openqa.selenium.remote.ErrorCodec.decode(ErrorCodec.java:167)
	at org.openqa.selenium.remote.codec.w3c.W3CHttpResponseCodec.decode(W3CHttpResponseCodec.java:138)
	at org.openqa.selenium.remote.codec.w3c.W3CHttpResponseCodec.decode(W3CHttpResponseCodec.java:50)
	at org.openqa.selenium.remote.HttpCommandExecutor.execute(HttpCommandExecutor.java:190)
	at org.openqa.selenium.remote.service.DriverCommandExecutor.invokeExecute(DriverCommandExecutor.java:216)
	at org.openqa.selenium.remote.service.DriverCommandExecutor.execute(DriverCommandExecutor.java:174)
	at org.openqa.selenium.remote.RemoteWebDriver.execute(RemoteWebDriver.java:545)
	at org.openqa.selenium.remote.RemoteWebElement.execute(RemoteWebElement.java:223)
	at org.openqa.selenium.remote.RemoteWebElement.click(RemoteWebElement.java:76)
	at HomePage.HomePageSteps.clickOnUsername(HomePageSteps.java:18)
	at ✽.User verifies user icon(file:///Users/luisnavarro/Library/CloudStorage/OneDrive-InstitutoSuperiorAutonomodeOccidenteA.C/DOCS_GRID/SELENIUM/SeleniumPageFactory/src/test/resources/features/ecommerce_test.feature:50)
]]></error>
    <system-out><![CDATA[
@allure.story:TestHomepage @TestHomepage
Scenario: Verify main page functionality # src/test/resources/features/ecommerce_test.feature:47
Webdriver initialized
WebDriver successfully initialized: CHROME
  Given User access the main page        # Scenario.BaseTest.setUp()
  When User accepts the cookies          # BaseConfigElements.BaseSteps.acceptCookies()
  And User verifies user icon            # HomePage.HomePageSteps.clickOnUsername()
      org.openqa.selenium.ElementClickInterceptedException: element click intercepted: Element <a href="#" class="clickable qa-show-sidetray-account sidetray-account" tabindex="0">...</a> is not clickable at point (1556, 93). Other element would receive the click: <div class="bloomreach-weblayer"></div>
  (Session info: chrome=138.0.7204.184)
Build info: version: '4.27.0', revision: 'd6e718d134'
System info: os.name: 'Mac OS X', os.arch: 'aarch64', os.version: '15.5', java.version: '24.0.2'
Driver info: org.openqa.selenium.chrome.ChromeDriver
Command: [e15c54204dab02a0b8c83bbb275b1fb1, clickElement {id=f.2AB4DC6B2671192AD98D9E217FBB0BB8.d.95912CB81F7BD7CA45048E8396023A49.e.84}]
Capabilities {acceptInsecureCerts: false, browserName: chrome, browserVersion: 138.0.7204.184, chrome: {chromedriverVersion: 138.0.7204.183 (e90faf484dd..., userDataDir: /var/folders/nx/g7zx87j545j...}, fedcm:accounts: true, goog:chromeOptions: {debuggerAddress: localhost:57910}, networkConnectionEnabled: false, pageLoadStrategy: normal, platformName: mac, proxy: Proxy(), se:cdp: ws://localhost:57910/devtoo..., se:cdpVersion: 138.0.7204.184, setWindowRect: true, strictFileInteractability: false, timeouts: {implicit: 0, pageLoad: 300000, script: 30000}, unhandledPromptBehavior: dismiss and notify, webauthn:extension:credBlob: true, webauthn:extension:largeBlob: true, webauthn:extension:minPinLength: true, webauthn:extension:prf: true, webauthn:virtualAuthenticators: true}
Element: [[ChromeDriver: chrome on mac (e15c54204dab02a0b8c83bbb275b1fb1)] -> xpath: //a[@class ='clickable qa-show-sidetray-account sidetray-account']]
Session ID: e15c54204dab02a0b8c83bbb275b1fb1
	at java.base/jdk.internal.reflect.DirectConstructorHandleAccessor.newInstance(DirectConstructorHandleAccessor.java:62)
	at java.base/java.lang.reflect.Constructor.newInstanceWithCaller(Constructor.java:499)
	at java.base/java.lang.reflect.Constructor.newInstance(Constructor.java:483)
	at org.openqa.selenium.remote.ErrorCodec.decode(ErrorCodec.java:167)
	at org.openqa.selenium.remote.codec.w3c.W3CHttpResponseCodec.decode(W3CHttpResponseCodec.java:138)
	at org.openqa.selenium.remote.codec.w3c.W3CHttpResponseCodec.decode(W3CHttpResponseCodec.java:50)
	at org.openqa.selenium.remote.HttpCommandExecutor.execute(HttpCommandExecutor.java:190)
	at org.openqa.selenium.remote.service.DriverCommandExecutor.invokeExecute(DriverCommandExecutor.java:216)
	at org.openqa.selenium.remote.service.DriverCommandExecutor.execute(DriverCommandExecutor.java:174)
	at org.openqa.selenium.remote.RemoteWebDriver.execute(RemoteWebDriver.java:545)
	at org.openqa.selenium.remote.RemoteWebElement.execute(RemoteWebElement.java:223)
	at org.openqa.selenium.remote.RemoteWebElement.click(RemoteWebElement.java:76)
	at HomePage.HomePageSteps.clickOnUsername(HomePageSteps.java:18)
	at ✽.User verifies user icon(file:///Users/luisnavarro/Library/CloudStorage/OneDrive-InstitutoSuperiorAutonomodeOccidenteA.C/DOCS_GRID/SELENIUM/SeleniumPageFactory/src/test/resources/features/ecommerce_test.feature:50)

  Then User closes browser               # Scenario.BaseTest.tearDown()
]]></system-out>
    <system-err><![CDATA[[main] INFO io.github.bonigarcia.wdm.WebDriverManager - Using chromedriver 138.0.7204.183 (resolved driver for Chrome 138)
[main] INFO io.github.bonigarcia.wdm.WebDriverManager - Exporting webdriver.chrome.driver as /Users/luisnavarro/.cache/selenium/chromedriver/mac-arm64/138.0.7204.183/chromedriver
Aug 05, 2025 2:30:26 PM org.openqa.selenium.devtools.CdpVersionFinder findNearestMatch
WARNING: Unable to find CDP implementation matching 138
Aug 05, 2025 2:30:26 PM org.openqa.selenium.chromium.ChromiumDriver lambda$new$5
WARNING: Unable to find version of CDP to use for 138.0.7204.184. You may need to include a dependency on a specific version of the CDP using something similar to `org.seleniumhq.selenium:selenium-devtools-v86:4.27.0` where the version ("v86") matches the version of the chromium-based browser you're using and the version number of the artifact is the same as Selenium's.
]]></system-err>
  </testcase>
</testsuite>